<?xml version="1.0" encoding="utf-8" ?>
<!DOCTYPE html PUBLIC "-//W3C//DTD XHTML 1.0 Transitional//EN" "http://www.w3.org/TR/xhtml1/DTD/xhtml1-transitional.dtd">
<html xmlns="http://www.w3.org/1999/xhtml" xml:lang="en" lang="en">
<head>
<meta http-equiv="Content-Type" content="text/html; charset=utf-8" />
<meta name="generator" content="Docutils 0.17.1: http://docutils.sourceforge.net/" />
<title>:mod:`unittest` --- Unit testing framework</title>
<style type="text/css">

/*
:Author: David Goodger (goodger@python.org)
:Id: $Id: html4css1.css 7952 2016-07-26 18:15:59Z milde $
:Copyright: This stylesheet has been placed in the public domain.

Default cascading style sheet for the HTML output of Docutils.

See http://docutils.sf.net/docs/howto/html-stylesheets.html for how to
customize this style sheet.
*/

/* used to remove borders from tables and images */
.borderless, table.borderless td, table.borderless th {
  border: 0 }

table.borderless td, table.borderless th {
  /* Override padding for "table.docutils td" with "! important".
     The right padding separates the table cells. */
  padding: 0 0.5em 0 0 ! important }

.first {
  /* Override more specific margin styles with "! important". */
  margin-top: 0 ! important }

.last, .with-subtitle {
  margin-bottom: 0 ! important }

.hidden {
  display: none }

.subscript {
  vertical-align: sub;
  font-size: smaller }

.superscript {
  vertical-align: super;
  font-size: smaller }

a.toc-backref {
  text-decoration: none ;
  color: black }

blockquote.epigraph {
  margin: 2em 5em ; }

dl.docutils dd {
  margin-bottom: 0.5em }

object[type="image/svg+xml"], object[type="application/x-shockwave-flash"] {
  overflow: hidden;
}

/* Uncomment (and remove this text!) to get bold-faced definition list terms
dl.docutils dt {
  font-weight: bold }
*/

div.abstract {
  margin: 2em 5em }

div.abstract p.topic-title {
  font-weight: bold ;
  text-align: center }

div.admonition, div.attention, div.caution, div.danger, div.error,
div.hint, div.important, div.note, div.tip, div.warning {
  margin: 2em ;
  border: medium outset ;
  padding: 1em }

div.admonition p.admonition-title, div.hint p.admonition-title,
div.important p.admonition-title, div.note p.admonition-title,
div.tip p.admonition-title {
  font-weight: bold ;
  font-family: sans-serif }

div.attention p.admonition-title, div.caution p.admonition-title,
div.danger p.admonition-title, div.error p.admonition-title,
div.warning p.admonition-title, .code .error {
  color: red ;
  font-weight: bold ;
  font-family: sans-serif }

/* Uncomment (and remove this text!) to get reduced vertical space in
   compound paragraphs.
div.compound .compound-first, div.compound .compound-middle {
  margin-bottom: 0.5em }

div.compound .compound-last, div.compound .compound-middle {
  margin-top: 0.5em }
*/

div.dedication {
  margin: 2em 5em ;
  text-align: center ;
  font-style: italic }

div.dedication p.topic-title {
  font-weight: bold ;
  font-style: normal }

div.figure {
  margin-left: 2em ;
  margin-right: 2em }

div.footer, div.header {
  clear: both;
  font-size: smaller }

div.line-block {
  display: block ;
  margin-top: 1em ;
  margin-bottom: 1em }

div.line-block div.line-block {
  margin-top: 0 ;
  margin-bottom: 0 ;
  margin-left: 1.5em }

div.sidebar {
  margin: 0 0 0.5em 1em ;
  border: medium outset ;
  padding: 1em ;
  background-color: #ffffee ;
  width: 40% ;
  float: right ;
  clear: right }

div.sidebar p.rubric {
  font-family: sans-serif ;
  font-size: medium }

div.system-messages {
  margin: 5em }

div.system-messages h1 {
  color: red }

div.system-message {
  border: medium outset ;
  padding: 1em }

div.system-message p.system-message-title {
  color: red ;
  font-weight: bold }

div.topic {
  margin: 2em }

h1.section-subtitle, h2.section-subtitle, h3.section-subtitle,
h4.section-subtitle, h5.section-subtitle, h6.section-subtitle {
  margin-top: 0.4em }

h1.title {
  text-align: center }

h2.subtitle {
  text-align: center }

hr.docutils {
  width: 75% }

img.align-left, .figure.align-left, object.align-left, table.align-left {
  clear: left ;
  float: left ;
  margin-right: 1em }

img.align-right, .figure.align-right, object.align-right, table.align-right {
  clear: right ;
  float: right ;
  margin-left: 1em }

img.align-center, .figure.align-center, object.align-center {
  display: block;
  margin-left: auto;
  margin-right: auto;
}

table.align-center {
  margin-left: auto;
  margin-right: auto;
}

.align-left {
  text-align: left }

.align-center {
  clear: both ;
  text-align: center }

.align-right {
  text-align: right }

/* reset inner alignment in figures */
div.align-right {
  text-align: inherit }

/* div.align-center * { */
/*   text-align: left } */

.align-top    {
  vertical-align: top }

.align-middle {
  vertical-align: middle }

.align-bottom {
  vertical-align: bottom }

ol.simple, ul.simple {
  margin-bottom: 1em }

ol.arabic {
  list-style: decimal }

ol.loweralpha {
  list-style: lower-alpha }

ol.upperalpha {
  list-style: upper-alpha }

ol.lowerroman {
  list-style: lower-roman }

ol.upperroman {
  list-style: upper-roman }

p.attribution {
  text-align: right ;
  margin-left: 50% }

p.caption {
  font-style: italic }

p.credits {
  font-style: italic ;
  font-size: smaller }

p.label {
  white-space: nowrap }

p.rubric {
  font-weight: bold ;
  font-size: larger ;
  color: maroon ;
  text-align: center }

p.sidebar-title {
  font-family: sans-serif ;
  font-weight: bold ;
  font-size: larger }

p.sidebar-subtitle {
  font-family: sans-serif ;
  font-weight: bold }

p.topic-title {
  font-weight: bold }

pre.address {
  margin-bottom: 0 ;
  margin-top: 0 ;
  font: inherit }

pre.literal-block, pre.doctest-block, pre.math, pre.code {
  margin-left: 2em ;
  margin-right: 2em }

pre.code .ln { color: grey; } /* line numbers */
pre.code, code { background-color: #eeeeee }
pre.code .comment, code .comment { color: #5C6576 }
pre.code .keyword, code .keyword { color: #3B0D06; font-weight: bold }
pre.code .literal.string, code .literal.string { color: #0C5404 }
pre.code .name.builtin, code .name.builtin { color: #352B84 }
pre.code .deleted, code .deleted { background-color: #DEB0A1}
pre.code .inserted, code .inserted { background-color: #A3D289}

span.classifier {
  font-family: sans-serif ;
  font-style: oblique }

span.classifier-delimiter {
  font-family: sans-serif ;
  font-weight: bold }

span.interpreted {
  font-family: sans-serif }

span.option {
  white-space: nowrap }

span.pre {
  white-space: pre }

span.problematic {
  color: red }

span.section-subtitle {
  /* font-size relative to parent (h1..h6 element) */
  font-size: 80% }

table.citation {
  border-left: solid 1px gray;
  margin-left: 1px }

table.docinfo {
  margin: 2em 4em }

table.docutils {
  margin-top: 0.5em ;
  margin-bottom: 0.5em }

table.footnote {
  border-left: solid 1px black;
  margin-left: 1px }

table.docutils td, table.docutils th,
table.docinfo td, table.docinfo th {
  padding-left: 0.5em ;
  padding-right: 0.5em ;
  vertical-align: top }

table.docutils th.field-name, table.docinfo th.docinfo-name {
  font-weight: bold ;
  text-align: left ;
  white-space: nowrap ;
  padding-left: 0 }

/* "booktabs" style (no vertical lines) */
table.docutils.booktabs {
  border: 0px;
  border-top: 2px solid;
  border-bottom: 2px solid;
  border-collapse: collapse;
}
table.docutils.booktabs * {
  border: 0px;
}
table.docutils.booktabs th {
  border-bottom: thin solid;
  text-align: left;
}

h1 tt.docutils, h2 tt.docutils, h3 tt.docutils,
h4 tt.docutils, h5 tt.docutils, h6 tt.docutils {
  font-size: 100% }

ul.auto-toc {
  list-style-type: none }

</style>
</head>
<body>
<div class="document" id="mod-unittest-unit-testing-framework">
<h1 class="title"><a href="#id1"><span class="problematic" id="id2">:mod:`unittest`</span></a> --- Unit testing framework</h1>

<div class="system-message" id="id1">
<p class="system-message-title">System Message: ERROR/3 (<tt class="docutils">unittest.rst</tt>, line 1); <em><a href="#id2">backlink</a></em></p>
Unknown interpreted text role &quot;mod&quot;.</div>
<div class="system-message">
<p class="system-message-title">System Message: ERROR/3 (<tt class="docutils">unittest.rst</tt>, line 4)</p>
<p>Unknown directive type &quot;module&quot;.</p>
<pre class="literal-block">
.. module:: unittest
   :synopsis: Unit testing framework for Python.

</pre>
</div>
<div class="system-message">
<p class="system-message-title">System Message: ERROR/3 (<tt class="docutils">unittest.rst</tt>, line 7)</p>
<p>Unknown directive type &quot;moduleauthor&quot;.</p>
<pre class="literal-block">
.. moduleauthor:: Steve Purcell &lt;stephen_purcell&#64;yahoo.com&gt;
</pre>
</div>
<div class="system-message">
<p class="system-message-title">System Message: ERROR/3 (<tt class="docutils">unittest.rst</tt>, line 8)</p>
<p>Unknown directive type &quot;sectionauthor&quot;.</p>
<pre class="literal-block">
.. sectionauthor:: Steve Purcell &lt;stephen_purcell&#64;yahoo.com&gt;
</pre>
</div>
<div class="system-message">
<p class="system-message-title">System Message: ERROR/3 (<tt class="docutils">unittest.rst</tt>, line 9)</p>
<p>Unknown directive type &quot;sectionauthor&quot;.</p>
<pre class="literal-block">
.. sectionauthor:: Fred L. Drake, Jr. &lt;fdrake&#64;acm.org&gt;
</pre>
</div>
<div class="system-message">
<p class="system-message-title">System Message: ERROR/3 (<tt class="docutils">unittest.rst</tt>, line 10)</p>
<p>Unknown directive type &quot;sectionauthor&quot;.</p>
<pre class="literal-block">
.. sectionauthor:: Raymond Hettinger &lt;python&#64;rcn.com&gt;

</pre>
</div>
<p><strong>Source code:</strong> <a href="#id3"><span class="problematic" id="id4">:source:`Lib/unittest/__init__.py`</span></a></p>
<div class="system-message" id="id3">
<p class="system-message-title">System Message: ERROR/3 (<tt class="docutils">unittest.rst</tt>, line 12); <em><a href="#id4">backlink</a></em></p>
Unknown interpreted text role &quot;source&quot;.</div>
<hr class="docutils" />
<p>(If you are already familiar with the basic concepts of testing, you might want
to skip to <a href="#id5"><span class="problematic" id="id6">:ref:`the list of assert methods &lt;assert-methods&gt;`</span></a>.)</p>
<div class="system-message" id="id5">
<p class="system-message-title">System Message: ERROR/3 (<tt class="docutils">unittest.rst</tt>, line 16); <em><a href="#id6">backlink</a></em></p>
Unknown interpreted text role &quot;ref&quot;.</div>
<p>The <a href="#id7"><span class="problematic" id="id8">:mod:`unittest`</span></a> unit testing framework was originally inspired by JUnit
and has a similar flavor as major unit testing frameworks in other
languages.  It supports test automation, sharing of setup and shutdown code
for tests, aggregation of tests into collections, and independence of the
tests from the reporting framework.</p>
<div class="system-message" id="id7">
<p class="system-message-title">System Message: ERROR/3 (<tt class="docutils">unittest.rst</tt>, line 19); <em><a href="#id8">backlink</a></em></p>
Unknown interpreted text role &quot;mod&quot;.</div>
<p>To achieve this, <a href="#id9"><span class="problematic" id="id10">:mod:`unittest`</span></a> supports some important concepts in an
object-oriented way:</p>
<div class="system-message" id="id9">
<p class="system-message-title">System Message: ERROR/3 (<tt class="docutils">unittest.rst</tt>, line 25); <em><a href="#id10">backlink</a></em></p>
Unknown interpreted text role &quot;mod&quot;.</div>
<dl class="docutils">
<dt>test fixture</dt>
<dd><p class="first">A <a href="#id11"><span class="problematic" id="id12">:dfn:`test fixture`</span></a> represents the preparation needed to perform one or more
tests, and any associated cleanup actions.  This may involve, for example,
creating temporary or proxy databases, directories, or starting a server
process.</p>
<div class="last system-message" id="id11">
<p class="system-message-title">System Message: ERROR/3 (<tt class="docutils">unittest.rst</tt>, line 29); <em><a href="#id12">backlink</a></em></p>
Unknown interpreted text role &quot;dfn&quot;.</div>
</dd>
<dt>test case</dt>
<dd><p class="first">A <a href="#id13"><span class="problematic" id="id14">:dfn:`test case`</span></a> is the individual unit of testing.  It checks for a specific
response to a particular set of inputs.  <a href="#id15"><span class="problematic" id="id16">:mod:`unittest`</span></a> provides a base class,
<a href="#id17"><span class="problematic" id="id18">:class:`TestCase`</span></a>, which may be used to create new test cases.</p>
<div class="system-message" id="id13">
<p class="system-message-title">System Message: ERROR/3 (<tt class="docutils">unittest.rst</tt>, line 35); <em><a href="#id14">backlink</a></em></p>
Unknown interpreted text role &quot;dfn&quot;.</div>
<div class="system-message" id="id15">
<p class="system-message-title">System Message: ERROR/3 (<tt class="docutils">unittest.rst</tt>, line 35); <em><a href="#id16">backlink</a></em></p>
Unknown interpreted text role &quot;mod&quot;.</div>
<div class="last system-message" id="id17">
<p class="system-message-title">System Message: ERROR/3 (<tt class="docutils">unittest.rst</tt>, line 35); <em><a href="#id18">backlink</a></em></p>
Unknown interpreted text role &quot;class&quot;.</div>
</dd>
<dt>test suite</dt>
<dd><p class="first">A <a href="#id19"><span class="problematic" id="id20">:dfn:`test suite`</span></a> is a collection of test cases, test suites, or both.  It is
used to aggregate tests that should be executed together.</p>
<div class="last system-message" id="id19">
<p class="system-message-title">System Message: ERROR/3 (<tt class="docutils">unittest.rst</tt>, line 40); <em><a href="#id20">backlink</a></em></p>
Unknown interpreted text role &quot;dfn&quot;.</div>
</dd>
<dt>test runner</dt>
<dd><p class="first">A <a href="#id21"><span class="problematic" id="id22">:dfn:`test runner`</span></a> is a component which orchestrates the execution of tests
and provides the outcome to the user.  The runner may use a graphical interface,
a textual interface, or return a special value to indicate the results of
executing the tests.</p>
<div class="last system-message" id="id21">
<p class="system-message-title">System Message: ERROR/3 (<tt class="docutils">unittest.rst</tt>, line 44); <em><a href="#id22">backlink</a></em></p>
Unknown interpreted text role &quot;dfn&quot;.</div>
</dd>
</dl>
<div class="system-message">
<p class="system-message-title">System Message: ERROR/3 (<tt class="docutils">unittest.rst</tt>, line 50)</p>
<p>Unknown directive type &quot;seealso&quot;.</p>
<pre class="literal-block">
.. seealso::

   Module :mod:`doctest`
      Another test-support module with a very different flavor.

   `Simple Smalltalk Testing: With Patterns &lt;https://web.archive.org/web/20150315073817/http://www.xprogramming.com/testfram.htm&gt;`_
      Kent Beck's original paper on testing frameworks using the pattern shared
      by :mod:`unittest`.

   `pytest &lt;https://docs.pytest.org/&gt;`_
      Third-party unittest framework with a lighter-weight syntax for writing
      tests.  For example, ``assert func(10) == 42``.

   `The Python Testing Tools Taxonomy &lt;https://wiki.python.org/moin/PythonTestingToolsTaxonomy&gt;`_
      An extensive list of Python testing tools including functional testing
      frameworks and mock object libraries.

   `Testing in Python Mailing List &lt;http://lists.idyll.org/listinfo/testing-in-python&gt;`_
      A special-interest-group for discussion of testing, and testing tools,
      in Python.

   The script :file:`Tools/unittestgui/unittestgui.py` in the Python source distribution is
   a GUI tool for test discovery and execution.  This is intended largely for ease of use
   for those new to unit testing.  For production environments it is
   recommended that tests be driven by a continuous integration system such as
   `Buildbot &lt;https://buildbot.net/&gt;`_, `Jenkins &lt;https://jenkins.io/&gt;`_
   or `Travis-CI &lt;https://travis-ci.com&gt;`_, or `AppVeyor &lt;https://www.appveyor.com/&gt;`_.


</pre>
</div>
<div class="section" id="basic-example">
<span id="unittest-minimal-example"></span><h1>Basic example</h1>
<p>The <a href="#id23"><span class="problematic" id="id24">:mod:`unittest`</span></a> module provides a rich set of tools for constructing and
running tests.  This section demonstrates that a small subset of the tools
suffice to meet the needs of most users.</p>
<div class="system-message" id="id23">
<p class="system-message-title">System Message: ERROR/3 (<tt class="docutils">unittest.rst</tt>, line 84); <em><a href="#id24">backlink</a></em></p>
Unknown interpreted text role &quot;mod&quot;.</div>
<p>Here is a short script to test three string methods:</p>
<pre class="literal-block">
import unittest

class TestStringMethods(unittest.TestCase):

    def test_upper(self):
        self.assertEqual('foo'.upper(), 'FOO')

    def test_isupper(self):
        self.assertTrue('FOO'.isupper())
        self.assertFalse('Foo'.isupper())

    def test_split(self):
        s = 'hello world'
        self.assertEqual(s.split(), ['hello', 'world'])
        # check that s.split fails when the separator is not a string
        with self.assertRaises(TypeError):
            s.split(2)

if __name__ == '__main__':
    unittest.main()
</pre>
<p>A testcase is created by subclassing <a href="#id25"><span class="problematic" id="id26">:class:`unittest.TestCase`</span></a>.  The three
individual tests are defined with methods whose names start with the letters
<tt class="docutils literal">test</tt>.  This naming convention informs the test runner about which methods
represent tests.</p>
<div class="system-message" id="id25">
<p class="system-message-title">System Message: ERROR/3 (<tt class="docutils">unittest.rst</tt>, line 112); <em><a href="#id26">backlink</a></em></p>
Unknown interpreted text role &quot;class&quot;.</div>
<p>The crux of each test is a call to <a href="#id27"><span class="problematic" id="id28">:meth:`~TestCase.assertEqual`</span></a> to check for an
expected result; <a href="#id29"><span class="problematic" id="id30">:meth:`~TestCase.assertTrue`</span></a> or <a href="#id31"><span class="problematic" id="id32">:meth:`~TestCase.assertFalse`</span></a>
to verify a condition; or <a href="#id33"><span class="problematic" id="id34">:meth:`~TestCase.assertRaises`</span></a> to verify that a
specific exception gets raised.  These methods are used instead of the
<a href="#id35"><span class="problematic" id="id36">:keyword:`assert`</span></a> statement so the test runner can accumulate all test results
and produce a report.</p>
<div class="system-message" id="id27">
<p class="system-message-title">System Message: ERROR/3 (<tt class="docutils">unittest.rst</tt>, line 117); <em><a href="#id28">backlink</a></em></p>
Unknown interpreted text role &quot;meth&quot;.</div>
<div class="system-message" id="id29">
<p class="system-message-title">System Message: ERROR/3 (<tt class="docutils">unittest.rst</tt>, line 117); <em><a href="#id30">backlink</a></em></p>
Unknown interpreted text role &quot;meth&quot;.</div>
<div class="system-message" id="id31">
<p class="system-message-title">System Message: ERROR/3 (<tt class="docutils">unittest.rst</tt>, line 117); <em><a href="#id32">backlink</a></em></p>
Unknown interpreted text role &quot;meth&quot;.</div>
<div class="system-message" id="id33">
<p class="system-message-title">System Message: ERROR/3 (<tt class="docutils">unittest.rst</tt>, line 117); <em><a href="#id34">backlink</a></em></p>
Unknown interpreted text role &quot;meth&quot;.</div>
<div class="system-message" id="id35">
<p class="system-message-title">System Message: ERROR/3 (<tt class="docutils">unittest.rst</tt>, line 117); <em><a href="#id36">backlink</a></em></p>
Unknown interpreted text role &quot;keyword&quot;.</div>
<p>The <a href="#id37"><span class="problematic" id="id38">:meth:`~TestCase.setUp`</span></a> and <a href="#id39"><span class="problematic" id="id40">:meth:`~TestCase.tearDown`</span></a> methods allow you
to define instructions that will be executed before and after each test method.
They are covered in more detail in the section <a href="#id41"><span class="problematic" id="id42">:ref:`organizing-tests`</span></a>.</p>
<div class="system-message" id="id37">
<p class="system-message-title">System Message: ERROR/3 (<tt class="docutils">unittest.rst</tt>, line 124); <em><a href="#id38">backlink</a></em></p>
Unknown interpreted text role &quot;meth&quot;.</div>
<div class="system-message" id="id39">
<p class="system-message-title">System Message: ERROR/3 (<tt class="docutils">unittest.rst</tt>, line 124); <em><a href="#id40">backlink</a></em></p>
Unknown interpreted text role &quot;meth&quot;.</div>
<div class="system-message" id="id41">
<p class="system-message-title">System Message: ERROR/3 (<tt class="docutils">unittest.rst</tt>, line 124); <em><a href="#id42">backlink</a></em></p>
Unknown interpreted text role &quot;ref&quot;.</div>
<p>The final block shows a simple way to run the tests. <a href="#id43"><span class="problematic" id="id44">:func:`unittest.main`</span></a>
provides a command-line interface to the test script.  When run from the command
line, the above script produces an output that looks like this:</p>
<div class="system-message" id="id43">
<p class="system-message-title">System Message: ERROR/3 (<tt class="docutils">unittest.rst</tt>, line 128); <em><a href="#id44">backlink</a></em></p>
Unknown interpreted text role &quot;func&quot;.</div>
<pre class="literal-block">
...
----------------------------------------------------------------------
Ran 3 tests in 0.000s

OK
</pre>
<p>Passing the <tt class="docutils literal"><span class="pre">-v</span></tt> option to your test script will instruct <a href="#id45"><span class="problematic" id="id46">:func:`unittest.main`</span></a>
to enable a higher level of verbosity, and produce the following output:</p>
<div class="system-message" id="id45">
<p class="system-message-title">System Message: ERROR/3 (<tt class="docutils">unittest.rst</tt>, line 138); <em><a href="#id46">backlink</a></em></p>
Unknown interpreted text role &quot;func&quot;.</div>
<pre class="literal-block">
test_isupper (__main__.TestStringMethods) ... ok
test_split (__main__.TestStringMethods) ... ok
test_upper (__main__.TestStringMethods) ... ok

----------------------------------------------------------------------
Ran 3 tests in 0.001s

OK
</pre>
<p>The above examples show the most commonly used <a href="#id47"><span class="problematic" id="id48">:mod:`unittest`</span></a> features which
are sufficient to meet many everyday testing needs.  The remainder of the
documentation explores the full feature set from first principles.</p>
<div class="system-message" id="id47">
<p class="system-message-title">System Message: ERROR/3 (<tt class="docutils">unittest.rst</tt>, line 150); <em><a href="#id48">backlink</a></em></p>
Unknown interpreted text role &quot;mod&quot;.</div>
</div>
<div class="section" id="command-line-interface">
<span id="unittest-command-line-interface"></span><h1>Command-Line Interface</h1>
<p>The unittest module can be used from the command line to run tests from
modules, classes or even individual test methods:</p>
<pre class="literal-block">
python -m unittest test_module1 test_module2
python -m unittest test_module.TestClass
python -m unittest test_module.TestClass.test_method
</pre>
<p>You can pass in a list with any combination of module names, and fully
qualified class or method names.</p>
<p>Test modules can be specified by file path as well:</p>
<pre class="literal-block">
python -m unittest tests/test_something.py
</pre>
<p>This allows you to use the shell filename completion to specify the test module.
The file specified must still be importable as a module. The path is converted
to a module name by removing the '.py' and converting path separators into '.'.
If you want to execute a test file that isn't importable as a module you should
execute the file directly instead.</p>
<p>You can run tests with more detail (higher verbosity) by passing in the -v flag:</p>
<pre class="literal-block">
python -m unittest -v test_module
</pre>
<p>When executed without arguments <a href="#id49"><span class="problematic" id="id50">:ref:`unittest-test-discovery`</span></a> is started:</p>
<div class="system-message" id="id49">
<p class="system-message-title">System Message: ERROR/3 (<tt class="docutils">unittest.rst</tt>, line 184); <em><a href="#id50">backlink</a></em></p>
Unknown interpreted text role &quot;ref&quot;.</div>
<pre class="literal-block">
python -m unittest
</pre>
<p>For a list of all the command-line options:</p>
<pre class="literal-block">
python -m unittest -h
</pre>
<div class="system-message">
<p class="system-message-title">System Message: ERROR/3 (<tt class="docutils">unittest.rst</tt>, line 192)</p>
<p>Unknown directive type &quot;versionchanged&quot;.</p>
<pre class="literal-block">
.. versionchanged:: 3.2
   In earlier versions it was only possible to run individual test methods and
   not modules or classes.


</pre>
</div>
<div class="section" id="command-line-options">
<h2>Command-line options</h2>
<p><a href="#id51"><span class="problematic" id="id52">:program:`unittest`</span></a> supports these command-line options:</p>
<div class="system-message" id="id51">
<p class="system-message-title">System Message: ERROR/3 (<tt class="docutils">unittest.rst</tt>, line 200); <em><a href="#id52">backlink</a></em></p>
Unknown interpreted text role &quot;program&quot;.</div>
<div class="system-message">
<p class="system-message-title">System Message: ERROR/3 (<tt class="docutils">unittest.rst</tt>, line 202)</p>
<p>Unknown directive type &quot;program&quot;.</p>
<pre class="literal-block">
.. program:: unittest

</pre>
</div>
<div class="system-message">
<p class="system-message-title">System Message: ERROR/3 (<tt class="docutils">unittest.rst</tt>, line 204)</p>
<p>Unknown directive type &quot;cmdoption&quot;.</p>
<pre class="literal-block">
.. cmdoption:: -b, --buffer

   The standard output and standard error streams are buffered during the test
   run. Output during a passing test is discarded. Output is echoed normally
   on test fail or error and is added to the failure messages.

</pre>
</div>
<div class="system-message">
<p class="system-message-title">System Message: ERROR/3 (<tt class="docutils">unittest.rst</tt>, line 210)</p>
<p>Unknown directive type &quot;cmdoption&quot;.</p>
<pre class="literal-block">
.. cmdoption:: -c, --catch

   :kbd:`Control-C` during the test run waits for the current test to end and then
   reports all the results so far. A second :kbd:`Control-C` raises the normal
   :exc:`KeyboardInterrupt` exception.

   See `Signal Handling`_ for the functions that provide this functionality.

</pre>
</div>
<div class="system-message">
<p class="system-message-title">System Message: ERROR/3 (<tt class="docutils">unittest.rst</tt>, line 218)</p>
<p>Unknown directive type &quot;cmdoption&quot;.</p>
<pre class="literal-block">
.. cmdoption:: -f, --failfast

   Stop the test run on the first error or failure.

</pre>
</div>
<div class="system-message">
<p class="system-message-title">System Message: ERROR/3 (<tt class="docutils">unittest.rst</tt>, line 222)</p>
<p>Unknown directive type &quot;cmdoption&quot;.</p>
<pre class="literal-block">
.. cmdoption:: -k

   Only run test methods and classes that match the pattern or substring.
   This option may be used multiple times, in which case all test cases that
   match of the given patterns are included.

   Patterns that contain a wildcard character (``*``) are matched against the
   test name using :meth:`fnmatch.fnmatchcase`; otherwise simple case-sensitive
   substring matching is used.

   Patterns are matched against the fully qualified test method name as
   imported by the test loader.

   For example, ``-k foo`` matches ``foo_tests.SomeTest.test_something``,
   ``bar_tests.SomeTest.test_foo``, but not ``bar_tests.FooTest.test_something``.

</pre>
</div>
<div class="system-message">
<p class="system-message-title">System Message: ERROR/3 (<tt class="docutils">unittest.rst</tt>, line 238)</p>
<p>Unknown directive type &quot;cmdoption&quot;.</p>
<pre class="literal-block">
.. cmdoption:: --locals

   Show local variables in tracebacks.

</pre>
</div>
<div class="system-message">
<p class="system-message-title">System Message: ERROR/3 (<tt class="docutils">unittest.rst</tt>, line 242)</p>
<p>Unknown directive type &quot;versionadded&quot;.</p>
<pre class="literal-block">
.. versionadded:: 3.2
   The command-line options ``-b``, ``-c`` and ``-f`` were added.

</pre>
</div>
<div class="system-message">
<p class="system-message-title">System Message: ERROR/3 (<tt class="docutils">unittest.rst</tt>, line 245)</p>
<p>Unknown directive type &quot;versionadded&quot;.</p>
<pre class="literal-block">
.. versionadded:: 3.5
   The command-line option ``--locals``.

</pre>
</div>
<div class="system-message">
<p class="system-message-title">System Message: ERROR/3 (<tt class="docutils">unittest.rst</tt>, line 248)</p>
<p>Unknown directive type &quot;versionadded&quot;.</p>
<pre class="literal-block">
.. versionadded:: 3.7
   The command-line option ``-k``.

</pre>
</div>
<p>The command line can also be used for test discovery, for running all of the
tests in a project or just a subset.</p>
</div>
</div>
<div class="section" id="test-discovery">
<span id="unittest-test-discovery"></span><h1>Test Discovery</h1>
<div class="system-message">
<p class="system-message-title">System Message: ERROR/3 (<tt class="docutils">unittest.rst</tt>, line 260)</p>
<p>Unknown directive type &quot;versionadded&quot;.</p>
<pre class="literal-block">
.. versionadded:: 3.2

</pre>
</div>
<p>Unittest supports simple test discovery. In order to be compatible with test
discovery, all of the test files must be <a href="#id53"><span class="problematic" id="id54">:ref:`modules &lt;tut-modules&gt;`</span></a> or
<a href="#id55"><span class="problematic" id="id56">:ref:`packages &lt;tut-packages&gt;`</span></a> (including <a href="#id57"><span class="problematic" id="id58">:term:`namespace packages
&lt;namespace package&gt;`</span></a>) importable from the top-level directory of
the project (this means that their filenames must be valid <a href="#id59"><span class="problematic" id="id60">:ref:`identifiers
&lt;identifiers&gt;`</span></a>).</p>
<div class="system-message" id="id53">
<p class="system-message-title">System Message: ERROR/3 (<tt class="docutils">unittest.rst</tt>, line 262); <em><a href="#id54">backlink</a></em></p>
Unknown interpreted text role &quot;ref&quot;.</div>
<div class="system-message" id="id55">
<p class="system-message-title">System Message: ERROR/3 (<tt class="docutils">unittest.rst</tt>, line 262); <em><a href="#id56">backlink</a></em></p>
Unknown interpreted text role &quot;ref&quot;.</div>
<div class="system-message" id="id57">
<p class="system-message-title">System Message: ERROR/3 (<tt class="docutils">unittest.rst</tt>, line 262); <em><a href="#id58">backlink</a></em></p>
Unknown interpreted text role &quot;term&quot;.</div>
<div class="system-message" id="id59">
<p class="system-message-title">System Message: ERROR/3 (<tt class="docutils">unittest.rst</tt>, line 262); <em><a href="#id60">backlink</a></em></p>
Unknown interpreted text role &quot;ref&quot;.</div>
<p>Test discovery is implemented in <a href="#id61"><span class="problematic" id="id62">:meth:`TestLoader.discover`</span></a>, but can also be
used from the command line. The basic command-line usage is:</p>
<div class="system-message" id="id61">
<p class="system-message-title">System Message: ERROR/3 (<tt class="docutils">unittest.rst</tt>, line 269); <em><a href="#id62">backlink</a></em></p>
Unknown interpreted text role &quot;meth&quot;.</div>
<pre class="literal-block">
cd project_directory
python -m unittest discover
</pre>
<div class="admonition note">
<p class="first admonition-title">Note</p>
<p class="last">As a shortcut, <tt class="docutils literal">python <span class="pre">-m</span> unittest</tt> is the equivalent of
<tt class="docutils literal">python <span class="pre">-m</span> unittest discover</tt>. If you want to pass arguments to test
discovery the <tt class="docutils literal">discover</tt> sub-command must be used explicitly.</p>
</div>
<p>The <tt class="docutils literal">discover</tt> sub-command has the following options:</p>
<div class="system-message">
<p class="system-message-title">System Message: ERROR/3 (<tt class="docutils">unittest.rst</tt>, line 283)</p>
<p>Unknown directive type &quot;program&quot;.</p>
<pre class="literal-block">
.. program:: unittest discover

</pre>
</div>
<div class="system-message">
<p class="system-message-title">System Message: ERROR/3 (<tt class="docutils">unittest.rst</tt>, line 285)</p>
<p>Unknown directive type &quot;cmdoption&quot;.</p>
<pre class="literal-block">
.. cmdoption:: -v, --verbose

   Verbose output

</pre>
</div>
<div class="system-message">
<p class="system-message-title">System Message: ERROR/3 (<tt class="docutils">unittest.rst</tt>, line 289)</p>
<p>Unknown directive type &quot;cmdoption&quot;.</p>
<pre class="literal-block">
.. cmdoption:: -s, --start-directory directory

   Directory to start discovery (``.`` default)

</pre>
</div>
<div class="system-message">
<p class="system-message-title">System Message: ERROR/3 (<tt class="docutils">unittest.rst</tt>, line 293)</p>
<p>Unknown directive type &quot;cmdoption&quot;.</p>
<pre class="literal-block">
.. cmdoption:: -p, --pattern pattern

   Pattern to match test files (``test*.py`` default)

</pre>
</div>
<div class="system-message">
<p class="system-message-title">System Message: ERROR/3 (<tt class="docutils">unittest.rst</tt>, line 297)</p>
<p>Unknown directive type &quot;cmdoption&quot;.</p>
<pre class="literal-block">
.. cmdoption:: -t, --top-level-directory directory

   Top level directory of project (defaults to start directory)

</pre>
</div>
<p>The <a href="#id63"><span class="problematic" id="id64">:option:`-s`</span></a>, <a href="#id65"><span class="problematic" id="id66">:option:`-p`</span></a>, and <a href="#id67"><span class="problematic" id="id68">:option:`-t`</span></a> options can be passed in
as positional arguments in that order. The following two command lines
are equivalent:</p>
<div class="system-message" id="id63">
<p class="system-message-title">System Message: ERROR/3 (<tt class="docutils">unittest.rst</tt>, line 301); <em><a href="#id64">backlink</a></em></p>
Unknown interpreted text role &quot;option&quot;.</div>
<div class="system-message" id="id65">
<p class="system-message-title">System Message: ERROR/3 (<tt class="docutils">unittest.rst</tt>, line 301); <em><a href="#id66">backlink</a></em></p>
Unknown interpreted text role &quot;option&quot;.</div>
<div class="system-message" id="id67">
<p class="system-message-title">System Message: ERROR/3 (<tt class="docutils">unittest.rst</tt>, line 301); <em><a href="#id68">backlink</a></em></p>
Unknown interpreted text role &quot;option&quot;.</div>
<pre class="literal-block">
python -m unittest discover -s project_directory -p &quot;*_test.py&quot;
python -m unittest discover project_directory &quot;*_test.py&quot;
</pre>
<p>As well as being a path it is possible to pass a package name, for example
<tt class="docutils literal">myproject.subpackage.test</tt>, as the start directory. The package name you
supply will then be imported and its location on the filesystem will be used
as the start directory.</p>
<div class="admonition caution">
<p class="first admonition-title">Caution!</p>
<p>Test discovery loads tests by importing them. Once test discovery has found
all the test files from the start directory you specify it turns the paths
into package names to import. For example <a href="#id69"><span class="problematic" id="id70">:file:`foo/bar/baz.py`</span></a> will be
imported as <tt class="docutils literal">foo.bar.baz</tt>.</p>
<div class="system-message" id="id69">
<p class="system-message-title">System Message: ERROR/3 (<tt class="docutils">unittest.rst</tt>, line 315); <em><a href="#id70">backlink</a></em></p>
Unknown interpreted text role &quot;file&quot;.</div>
<p>If you have a package installed globally and attempt test discovery on
a different copy of the package then the import <em>could</em> happen from the
wrong place. If this happens test discovery will warn you and exit.</p>
<p class="last">If you supply the start directory as a package name rather than a
path to a directory then discover assumes that whichever location it
imports from is the location you intended, so you will not get the
warning.</p>
</div>
<p>Test modules and packages can customize test loading and discovery by through
the <a class="reference internal" href="#load-tests-protocol">load_tests protocol</a>.</p>
<div class="system-message">
<p class="system-message-title">System Message: ERROR/3 (<tt class="docutils">unittest.rst</tt>, line 332)</p>
<p>Unknown directive type &quot;versionchanged&quot;.</p>
<pre class="literal-block">
.. versionchanged:: 3.4
   Test discovery supports :term:`namespace packages &lt;namespace package&gt;`
   for start directory. Note that you need to the top level directory too.
   (e.g. ``python -m unittest discover -s root/namespace -t root``).


</pre>
</div>
</div>
<div class="section" id="organizing-test-code">
<span id="organizing-tests"></span><h1>Organizing test code</h1>
<p>The basic building blocks of unit testing are <a href="#id71"><span class="problematic" id="id72">:dfn:`test cases`</span></a> --- single
scenarios that must be set up and checked for correctness.  In <a href="#id73"><span class="problematic" id="id74">:mod:`unittest`</span></a>,
test cases are represented by <a href="#id75"><span class="problematic" id="id76">:class:`unittest.TestCase`</span></a> instances.
To make your own test cases you must write subclasses of
<a href="#id77"><span class="problematic" id="id78">:class:`TestCase`</span></a> or use <a href="#id79"><span class="problematic" id="id80">:class:`FunctionTestCase`</span></a>.</p>
<div class="system-message" id="id71">
<p class="system-message-title">System Message: ERROR/3 (<tt class="docutils">unittest.rst</tt>, line 343); <em><a href="#id72">backlink</a></em></p>
Unknown interpreted text role &quot;dfn&quot;.</div>
<div class="system-message" id="id73">
<p class="system-message-title">System Message: ERROR/3 (<tt class="docutils">unittest.rst</tt>, line 343); <em><a href="#id74">backlink</a></em></p>
Unknown interpreted text role &quot;mod&quot;.</div>
<div class="system-message" id="id75">
<p class="system-message-title">System Message: ERROR/3 (<tt class="docutils">unittest.rst</tt>, line 343); <em><a href="#id76">backlink</a></em></p>
Unknown interpreted text role &quot;class&quot;.</div>
<div class="system-message" id="id77">
<p class="system-message-title">System Message: ERROR/3 (<tt class="docutils">unittest.rst</tt>, line 343); <em><a href="#id78">backlink</a></em></p>
Unknown interpreted text role &quot;class&quot;.</div>
<div class="system-message" id="id79">
<p class="system-message-title">System Message: ERROR/3 (<tt class="docutils">unittest.rst</tt>, line 343); <em><a href="#id80">backlink</a></em></p>
Unknown interpreted text role &quot;class&quot;.</div>
<p>The testing code of a <a href="#id81"><span class="problematic" id="id82">:class:`TestCase`</span></a> instance should be entirely self
contained, such that it can be run either in isolation or in arbitrary
combination with any number of other test cases.</p>
<div class="system-message" id="id81">
<p class="system-message-title">System Message: ERROR/3 (<tt class="docutils">unittest.rst</tt>, line 349); <em><a href="#id82">backlink</a></em></p>
Unknown interpreted text role &quot;class&quot;.</div>
<p>The simplest <a href="#id83"><span class="problematic" id="id84">:class:`TestCase`</span></a> subclass will simply implement a test method
(i.e. a method whose name starts with <tt class="docutils literal">test</tt>) in order to perform specific
testing code:</p>
<div class="system-message" id="id83">
<p class="system-message-title">System Message: ERROR/3 (<tt class="docutils">unittest.rst</tt>, line 353); <em><a href="#id84">backlink</a></em></p>
Unknown interpreted text role &quot;class&quot;.</div>
<pre class="literal-block">
import unittest

class DefaultWidgetSizeTestCase(unittest.TestCase):
    def test_default_widget_size(self):
        widget = Widget('The widget')
        self.assertEqual(widget.size(), (50, 50))
</pre>
<p>Note that in order to test something, we use one of the <a href="#id85"><span class="problematic" id="id86">:meth:`assert\*`</span></a>
methods provided by the <a href="#id87"><span class="problematic" id="id88">:class:`TestCase`</span></a> base class.  If the test fails, an
exception will be raised with an explanatory message, and <a href="#id89"><span class="problematic" id="id90">:mod:`unittest`</span></a>
will identify the test case as a <a href="#id91"><span class="problematic" id="id92">:dfn:`failure`</span></a>.  Any other exceptions will be
treated as <a href="#id93"><span class="problematic" id="id94">:dfn:`errors`</span></a>.</p>
<div class="system-message" id="id85">
<p class="system-message-title">System Message: ERROR/3 (<tt class="docutils">unittest.rst</tt>, line 364); <em><a href="#id86">backlink</a></em></p>
Unknown interpreted text role &quot;meth&quot;.</div>
<div class="system-message" id="id87">
<p class="system-message-title">System Message: ERROR/3 (<tt class="docutils">unittest.rst</tt>, line 364); <em><a href="#id88">backlink</a></em></p>
Unknown interpreted text role &quot;class&quot;.</div>
<div class="system-message" id="id89">
<p class="system-message-title">System Message: ERROR/3 (<tt class="docutils">unittest.rst</tt>, line 364); <em><a href="#id90">backlink</a></em></p>
Unknown interpreted text role &quot;mod&quot;.</div>
<div class="system-message" id="id91">
<p class="system-message-title">System Message: ERROR/3 (<tt class="docutils">unittest.rst</tt>, line 364); <em><a href="#id92">backlink</a></em></p>
Unknown interpreted text role &quot;dfn&quot;.</div>
<div class="system-message" id="id93">
<p class="system-message-title">System Message: ERROR/3 (<tt class="docutils">unittest.rst</tt>, line 364); <em><a href="#id94">backlink</a></em></p>
Unknown interpreted text role &quot;dfn&quot;.</div>
<p>Tests can be numerous, and their set-up can be repetitive.  Luckily, we
can factor out set-up code by implementing a method called
<a href="#id95"><span class="problematic" id="id96">:meth:`~TestCase.setUp`</span></a>, which the testing framework will automatically
call for every single test we run:</p>
<div class="system-message" id="id95">
<p class="system-message-title">System Message: ERROR/3 (<tt class="docutils">unittest.rst</tt>, line 370); <em><a href="#id96">backlink</a></em></p>
Unknown interpreted text role &quot;meth&quot;.</div>
<pre class="literal-block">
import unittest

class WidgetTestCase(unittest.TestCase):
    def setUp(self):
        self.widget = Widget('The widget')

    def test_default_widget_size(self):
        self.assertEqual(self.widget.size(), (50,50),
                         'incorrect default size')

    def test_widget_resize(self):
        self.widget.resize(100,150)
        self.assertEqual(self.widget.size(), (100,150),
                         'wrong size after resize')
</pre>
<div class="admonition note">
<p class="first admonition-title">Note</p>
<p class="last">The order in which the various tests will be run is determined
by sorting the test method names with respect to the built-in
ordering for strings.</p>
</div>
<p>If the <a href="#id97"><span class="problematic" id="id98">:meth:`~TestCase.setUp`</span></a> method raises an exception while the test is
running, the framework will consider the test to have suffered an error, and
the test method will not be executed.</p>
<div class="system-message" id="id97">
<p class="system-message-title">System Message: ERROR/3 (<tt class="docutils">unittest.rst</tt>, line 395); <em><a href="#id98">backlink</a></em></p>
Unknown interpreted text role &quot;meth&quot;.</div>
<p>Similarly, we can provide a <a href="#id99"><span class="problematic" id="id100">:meth:`~TestCase.tearDown`</span></a> method that tidies up
after the test method has been run:</p>
<div class="system-message" id="id99">
<p class="system-message-title">System Message: ERROR/3 (<tt class="docutils">unittest.rst</tt>, line 399); <em><a href="#id100">backlink</a></em></p>
Unknown interpreted text role &quot;meth&quot;.</div>
<pre class="literal-block">
import unittest

class WidgetTestCase(unittest.TestCase):
    def setUp(self):
        self.widget = Widget('The widget')

    def tearDown(self):
        self.widget.dispose()
</pre>
<p>If <a href="#id101"><span class="problematic" id="id102">:meth:`~TestCase.setUp`</span></a> succeeded, <a href="#id103"><span class="problematic" id="id104">:meth:`~TestCase.tearDown`</span></a> will be
run whether the test method succeeded or not.</p>
<div class="system-message" id="id101">
<p class="system-message-title">System Message: ERROR/3 (<tt class="docutils">unittest.rst</tt>, line 411); <em><a href="#id102">backlink</a></em></p>
Unknown interpreted text role &quot;meth&quot;.</div>
<div class="system-message" id="id103">
<p class="system-message-title">System Message: ERROR/3 (<tt class="docutils">unittest.rst</tt>, line 411); <em><a href="#id104">backlink</a></em></p>
Unknown interpreted text role &quot;meth&quot;.</div>
<p>Such a working environment for the testing code is called a
<a href="#id105"><span class="problematic" id="id106">:dfn:`test fixture`</span></a>.  A new TestCase instance is created as a unique
test fixture used to execute each individual test method.  Thus
<a href="#id107"><span class="problematic" id="id108">:meth:`~TestCase.setUp`</span></a>, <a href="#id109"><span class="problematic" id="id110">:meth:`~TestCase.tearDown`</span></a>, and <a href="#id111"><span class="problematic" id="id112">:meth:`~TestCase.__init__`</span></a>
will be called once per test.</p>
<div class="system-message" id="id105">
<p class="system-message-title">System Message: ERROR/3 (<tt class="docutils">unittest.rst</tt>, line 414); <em><a href="#id106">backlink</a></em></p>
Unknown interpreted text role &quot;dfn&quot;.</div>
<div class="system-message" id="id107">
<p class="system-message-title">System Message: ERROR/3 (<tt class="docutils">unittest.rst</tt>, line 414); <em><a href="#id108">backlink</a></em></p>
Unknown interpreted text role &quot;meth&quot;.</div>
<div class="system-message" id="id109">
<p class="system-message-title">System Message: ERROR/3 (<tt class="docutils">unittest.rst</tt>, line 414); <em><a href="#id110">backlink</a></em></p>
Unknown interpreted text role &quot;meth&quot;.</div>
<div class="system-message" id="id111">
<p class="system-message-title">System Message: ERROR/3 (<tt class="docutils">unittest.rst</tt>, line 414); <em><a href="#id112">backlink</a></em></p>
Unknown interpreted text role &quot;meth&quot;.</div>
<p>It is recommended that you use TestCase implementations to group tests together
according to the features they test.  <a href="#id113"><span class="problematic" id="id114">:mod:`unittest`</span></a> provides a mechanism for
this: the <a href="#id115"><span class="problematic" id="id116">:dfn:`test suite`</span></a>, represented by <a href="#id117"><span class="problematic" id="id118">:mod:`unittest`</span></a>'s
<a href="#id119"><span class="problematic" id="id120">:class:`TestSuite`</span></a> class.  In most cases, calling <a href="#id121"><span class="problematic" id="id122">:func:`unittest.main`</span></a> will do
the right thing and collect all the module's test cases for you and execute
them.</p>
<div class="system-message" id="id113">
<p class="system-message-title">System Message: ERROR/3 (<tt class="docutils">unittest.rst</tt>, line 420); <em><a href="#id114">backlink</a></em></p>
Unknown interpreted text role &quot;mod&quot;.</div>
<div class="system-message" id="id115">
<p class="system-message-title">System Message: ERROR/3 (<tt class="docutils">unittest.rst</tt>, line 420); <em><a href="#id116">backlink</a></em></p>
Unknown interpreted text role &quot;dfn&quot;.</div>
<div class="system-message" id="id117">
<p class="system-message-title">System Message: ERROR/3 (<tt class="docutils">unittest.rst</tt>, line 420); <em><a href="#id118">backlink</a></em></p>
Unknown interpreted text role &quot;mod&quot;.</div>
<div class="system-message" id="id119">
<p class="system-message-title">System Message: ERROR/3 (<tt class="docutils">unittest.rst</tt>, line 420); <em><a href="#id120">backlink</a></em></p>
Unknown interpreted text role &quot;class&quot;.</div>
<div class="system-message" id="id121">
<p class="system-message-title">System Message: ERROR/3 (<tt class="docutils">unittest.rst</tt>, line 420); <em><a href="#id122">backlink</a></em></p>
Unknown interpreted text role &quot;func&quot;.</div>
<p>However, should you want to customize the building of your test suite,
you can do it yourself:</p>
<pre class="literal-block">
def suite():
    suite = unittest.TestSuite()
    suite.addTest(WidgetTestCase('test_default_widget_size'))
    suite.addTest(WidgetTestCase('test_widget_resize'))
    return suite

if __name__ == '__main__':
    runner = unittest.TextTestRunner()
    runner.run(suite())
</pre>
<p>You can place the definitions of test cases and test suites in the same modules
as the code they are to test (such as <a href="#id123"><span class="problematic" id="id124">:file:`widget.py`</span></a>), but there are several
advantages to placing the test code in a separate module, such as
<a href="#id125"><span class="problematic" id="id126">:file:`test_widget.py`</span></a>:</p>
<div class="system-message" id="id123">
<p class="system-message-title">System Message: ERROR/3 (<tt class="docutils">unittest.rst</tt>, line 440); <em><a href="#id124">backlink</a></em></p>
Unknown interpreted text role &quot;file&quot;.</div>
<div class="system-message" id="id125">
<p class="system-message-title">System Message: ERROR/3 (<tt class="docutils">unittest.rst</tt>, line 440); <em><a href="#id126">backlink</a></em></p>
Unknown interpreted text role &quot;file&quot;.</div>
<ul class="simple">
<li>The test module can be run standalone from the command line.</li>
<li>The test code can more easily be separated from shipped code.</li>
<li>There is less temptation to change test code to fit the code it tests without
a good reason.</li>
<li>Test code should be modified much less frequently than the code it tests.</li>
<li>Tested code can be refactored more easily.</li>
<li>Tests for modules written in C must be in separate modules anyway, so why not
be consistent?</li>
<li>If the testing strategy changes, there is no need to change the source code.</li>
</ul>
</div>
<div class="section" id="re-using-old-test-code">
<span id="legacy-unit-tests"></span><h1>Re-using old test code</h1>
<p>Some users will find that they have existing test code that they would like to
run from <a href="#id127"><span class="problematic" id="id128">:mod:`unittest`</span></a>, without converting every old test function to a
<a href="#id129"><span class="problematic" id="id130">:class:`TestCase`</span></a> subclass.</p>
<div class="system-message" id="id127">
<p class="system-message-title">System Message: ERROR/3 (<tt class="docutils">unittest.rst</tt>, line 467); <em><a href="#id128">backlink</a></em></p>
Unknown interpreted text role &quot;mod&quot;.</div>
<div class="system-message" id="id129">
<p class="system-message-title">System Message: ERROR/3 (<tt class="docutils">unittest.rst</tt>, line 467); <em><a href="#id130">backlink</a></em></p>
Unknown interpreted text role &quot;class&quot;.</div>
<p>For this reason, <a href="#id131"><span class="problematic" id="id132">:mod:`unittest`</span></a> provides a <a href="#id133"><span class="problematic" id="id134">:class:`FunctionTestCase`</span></a> class.
This subclass of <a href="#id135"><span class="problematic" id="id136">:class:`TestCase`</span></a> can be used to wrap an existing test
function.  Set-up and tear-down functions can also be provided.</p>
<div class="system-message" id="id131">
<p class="system-message-title">System Message: ERROR/3 (<tt class="docutils">unittest.rst</tt>, line 471); <em><a href="#id132">backlink</a></em></p>
Unknown interpreted text role &quot;mod&quot;.</div>
<div class="system-message" id="id133">
<p class="system-message-title">System Message: ERROR/3 (<tt class="docutils">unittest.rst</tt>, line 471); <em><a href="#id134">backlink</a></em></p>
Unknown interpreted text role &quot;class&quot;.</div>
<div class="system-message" id="id135">
<p class="system-message-title">System Message: ERROR/3 (<tt class="docutils">unittest.rst</tt>, line 471); <em><a href="#id136">backlink</a></em></p>
Unknown interpreted text role &quot;class&quot;.</div>
<p>Given the following test function:</p>
<pre class="literal-block">
def testSomething():
    something = makeSomething()
    assert something.name is not None
    # ...
</pre>
<p>one can create an equivalent test case instance as follows, with optional
set-up and tear-down methods:</p>
<pre class="literal-block">
testcase = unittest.FunctionTestCase(testSomething,
                                     setUp=makeSomethingDB,
                                     tearDown=deleteSomethingDB)
</pre>
<div class="admonition note">
<p class="first admonition-title">Note</p>
<p>Even though <a href="#id137"><span class="problematic" id="id138">:class:`FunctionTestCase`</span></a> can be used to quickly convert an
existing test base over to a <a href="#id139"><span class="problematic" id="id140">:mod:`unittest`</span></a>-based system, this approach is
not recommended.  Taking the time to set up proper <a href="#id141"><span class="problematic" id="id142">:class:`TestCase`</span></a>
subclasses will make future test refactorings infinitely easier.</p>
<div class="system-message" id="id137">
<p class="system-message-title">System Message: ERROR/3 (<tt class="docutils">unittest.rst</tt>, line 491); <em><a href="#id138">backlink</a></em></p>
Unknown interpreted text role &quot;class&quot;.</div>
<div class="system-message" id="id139">
<p class="system-message-title">System Message: ERROR/3 (<tt class="docutils">unittest.rst</tt>, line 491); <em><a href="#id140">backlink</a></em></p>
Unknown interpreted text role &quot;mod&quot;.</div>
<div class="last system-message" id="id141">
<p class="system-message-title">System Message: ERROR/3 (<tt class="docutils">unittest.rst</tt>, line 491); <em><a href="#id142">backlink</a></em></p>
Unknown interpreted text role &quot;class&quot;.</div>
</div>
<p>In some cases, the existing tests may have been written using the <a href="#id143"><span class="problematic" id="id144">:mod:`doctest`</span></a>
module.  If so, <a href="#id145"><span class="problematic" id="id146">:mod:`doctest`</span></a> provides a <a href="#id147"><span class="problematic" id="id148">:class:`DocTestSuite`</span></a> class that can
automatically build <a href="#id149"><span class="problematic" id="id150">:class:`unittest.TestSuite`</span></a> instances from the existing
<a href="#id151"><span class="problematic" id="id152">:mod:`doctest`</span></a>-based tests.</p>
<div class="system-message" id="id143">
<p class="system-message-title">System Message: ERROR/3 (<tt class="docutils">unittest.rst</tt>, line 496); <em><a href="#id144">backlink</a></em></p>
Unknown interpreted text role &quot;mod&quot;.</div>
<div class="system-message" id="id145">
<p class="system-message-title">System Message: ERROR/3 (<tt class="docutils">unittest.rst</tt>, line 496); <em><a href="#id146">backlink</a></em></p>
Unknown interpreted text role &quot;mod&quot;.</div>
<div class="system-message" id="id147">
<p class="system-message-title">System Message: ERROR/3 (<tt class="docutils">unittest.rst</tt>, line 496); <em><a href="#id148">backlink</a></em></p>
Unknown interpreted text role &quot;class&quot;.</div>
<div class="system-message" id="id149">
<p class="system-message-title">System Message: ERROR/3 (<tt class="docutils">unittest.rst</tt>, line 496); <em><a href="#id150">backlink</a></em></p>
Unknown interpreted text role &quot;class&quot;.</div>
<div class="system-message" id="id151">
<p class="system-message-title">System Message: ERROR/3 (<tt class="docutils">unittest.rst</tt>, line 496); <em><a href="#id152">backlink</a></em></p>
Unknown interpreted text role &quot;mod&quot;.</div>
</div>
<div class="section" id="skipping-tests-and-expected-failures">
<span id="unittest-skipping"></span><h1>Skipping tests and expected failures</h1>
<div class="system-message">
<p class="system-message-title">System Message: ERROR/3 (<tt class="docutils">unittest.rst</tt>, line 507)</p>
<p>Unknown directive type &quot;versionadded&quot;.</p>
<pre class="literal-block">
.. versionadded:: 3.1

</pre>
</div>
<p>Unittest supports skipping individual test methods and even whole classes of
tests.  In addition, it supports marking a test as an &quot;expected failure,&quot; a test
that is broken and will fail, but shouldn't be counted as a failure on a
<a href="#id153"><span class="problematic" id="id154">:class:`TestResult`</span></a>.</p>
<div class="system-message" id="id153">
<p class="system-message-title">System Message: ERROR/3 (<tt class="docutils">unittest.rst</tt>, line 509); <em><a href="#id154">backlink</a></em></p>
Unknown interpreted text role &quot;class&quot;.</div>
<p>Skipping a test is simply a matter of using the <a href="#id155"><span class="problematic" id="id156">:func:`skip`</span></a> <a href="#id157"><span class="problematic" id="id158">:term:`decorator`</span></a>
or one of its conditional variants, calling <a href="#id159"><span class="problematic" id="id160">:meth:`TestCase.skipTest`</span></a> within a
<a href="#id161"><span class="problematic" id="id162">:meth:`~TestCase.setUp`</span></a> or test method, or raising <a href="#id163"><span class="problematic" id="id164">:exc:`SkipTest`</span></a> directly.</p>
<div class="system-message" id="id155">
<p class="system-message-title">System Message: ERROR/3 (<tt class="docutils">unittest.rst</tt>, line 514); <em><a href="#id156">backlink</a></em></p>
Unknown interpreted text role &quot;func&quot;.</div>
<div class="system-message" id="id157">
<p class="system-message-title">System Message: ERROR/3 (<tt class="docutils">unittest.rst</tt>, line 514); <em><a href="#id158">backlink</a></em></p>
Unknown interpreted text role &quot;term&quot;.</div>
<div class="system-message" id="id159">
<p class="system-message-title">System Message: ERROR/3 (<tt class="docutils">unittest.rst</tt>, line 514); <em><a href="#id160">backlink</a></em></p>
Unknown interpreted text role &quot;meth&quot;.</div>
<div class="system-message" id="id161">
<p class="system-message-title">System Message: ERROR/3 (<tt class="docutils">unittest.rst</tt>, line 514); <em><a href="#id162">backlink</a></em></p>
Unknown interpreted text role &quot;meth&quot;.</div>
<div class="system-message" id="id163">
<p class="system-message-title">System Message: ERROR/3 (<tt class="docutils">unittest.rst</tt>, line 514); <em><a href="#id164">backlink</a></em></p>
Unknown interpreted text role &quot;exc&quot;.</div>
<p>Basic skipping looks like this:</p>
<pre class="literal-block">
class MyTestCase(unittest.TestCase):

    &#64;unittest.skip(&quot;demonstrating skipping&quot;)
    def test_nothing(self):
        self.fail(&quot;shouldn't happen&quot;)

    &#64;unittest.skipIf(mylib.__version__ &lt; (1, 3),
                     &quot;not supported in this library version&quot;)
    def test_format(self):
        # Tests that work for only a certain version of the library.
        pass

    &#64;unittest.skipUnless(sys.platform.startswith(&quot;win&quot;), &quot;requires Windows&quot;)
    def test_windows_support(self):
        # windows specific testing code
        pass

    def test_maybe_skipped(self):
        if not external_resource_available():
            self.skipTest(&quot;external resource not available&quot;)
        # test code that depends on the external resource
        pass
</pre>
<p>This is the output of running the example above in verbose mode:</p>
<pre class="literal-block">
test_format (__main__.MyTestCase) ... skipped 'not supported in this library version'
test_nothing (__main__.MyTestCase) ... skipped 'demonstrating skipping'
test_maybe_skipped (__main__.MyTestCase) ... skipped 'external resource not available'
test_windows_support (__main__.MyTestCase) ... skipped 'requires Windows'

----------------------------------------------------------------------
Ran 4 tests in 0.005s

OK (skipped=4)
</pre>
<p>Classes can be skipped just like methods:</p>
<pre class="literal-block">
&#64;unittest.skip(&quot;showing class skipping&quot;)
class MySkippedTestCase(unittest.TestCase):
    def test_not_run(self):
        pass
</pre>
<p><a href="#id165"><span class="problematic" id="id166">:meth:`TestCase.setUp`</span></a> can also skip the test.  This is useful when a resource
that needs to be set up is not available.</p>
<div class="system-message" id="id165">
<p class="system-message-title">System Message: ERROR/3 (<tt class="docutils">unittest.rst</tt>, line 562); <em><a href="#id166">backlink</a></em></p>
Unknown interpreted text role &quot;meth&quot;.</div>
<p>Expected failures use the <a href="#id167"><span class="problematic" id="id168">:func:`expectedFailure`</span></a> decorator.</p>
<div class="system-message" id="id167">
<p class="system-message-title">System Message: ERROR/3 (<tt class="docutils">unittest.rst</tt>, line 565); <em><a href="#id168">backlink</a></em></p>
Unknown interpreted text role &quot;func&quot;.</div>
<pre class="literal-block">
class ExpectedFailureTestCase(unittest.TestCase):
    &#64;unittest.expectedFailure
    def test_fail(self):
        self.assertEqual(1, 0, &quot;broken&quot;)
</pre>
<p>It's easy to roll your own skipping decorators by making a decorator that calls
<a href="#id169"><span class="problematic" id="id170">:func:`skip`</span></a> on the test when it wants it to be skipped.  This decorator skips
the test unless the passed object has a certain attribute:</p>
<div class="system-message" id="id169">
<p class="system-message-title">System Message: ERROR/3 (<tt class="docutils">unittest.rst</tt>, line 572); <em><a href="#id170">backlink</a></em></p>
Unknown interpreted text role &quot;func&quot;.</div>
<pre class="literal-block">
def skipUnlessHasattr(obj, attr):
    if hasattr(obj, attr):
        return lambda func: func
    return unittest.skip(&quot;{!r} doesn't have {!r}&quot;.format(obj, attr))
</pre>
<p>The following decorators and exception implement test skipping and expected failures:</p>
<div class="system-message">
<p class="system-message-title">System Message: ERROR/3 (<tt class="docutils">unittest.rst</tt>, line 583)</p>
<p>Unknown directive type &quot;decorator&quot;.</p>
<pre class="literal-block">
.. decorator:: skip(reason)

   Unconditionally skip the decorated test.  *reason* should describe why the
   test is being skipped.

</pre>
</div>
<div class="system-message">
<p class="system-message-title">System Message: ERROR/3 (<tt class="docutils">unittest.rst</tt>, line 588)</p>
<p>Unknown directive type &quot;decorator&quot;.</p>
<pre class="literal-block">
.. decorator:: skipIf(condition, reason)

   Skip the decorated test if *condition* is true.

</pre>
</div>
<div class="system-message">
<p class="system-message-title">System Message: ERROR/3 (<tt class="docutils">unittest.rst</tt>, line 592)</p>
<p>Unknown directive type &quot;decorator&quot;.</p>
<pre class="literal-block">
.. decorator:: skipUnless(condition, reason)

   Skip the decorated test unless *condition* is true.

</pre>
</div>
<div class="system-message">
<p class="system-message-title">System Message: ERROR/3 (<tt class="docutils">unittest.rst</tt>, line 596)</p>
<p>Unknown directive type &quot;decorator&quot;.</p>
<pre class="literal-block">
.. decorator:: expectedFailure

   Mark the test as an expected failure or error.  If the test fails or errors
   it will be considered a success.  If the test passes, it will be considered
   a failure.

</pre>
</div>
<div class="system-message">
<p class="system-message-title">System Message: ERROR/3 (<tt class="docutils">unittest.rst</tt>, line 602)</p>
<p>Unknown directive type &quot;exception&quot;.</p>
<pre class="literal-block">
.. exception:: SkipTest(reason)

   This exception is raised to skip a test.

   Usually you can use :meth:`TestCase.skipTest` or one of the skipping
   decorators instead of raising this directly.

</pre>
</div>
<p>Skipped tests will not have <a href="#id171"><span class="problematic" id="id172">:meth:`~TestCase.setUp`</span></a> or <a href="#id173"><span class="problematic" id="id174">:meth:`~TestCase.tearDown`</span></a> run around them.
Skipped classes will not have <a href="#id175"><span class="problematic" id="id176">:meth:`~TestCase.setUpClass`</span></a> or <a href="#id177"><span class="problematic" id="id178">:meth:`~TestCase.tearDownClass`</span></a> run.
Skipped modules will not have <a href="#id179"><span class="problematic" id="id180">:func:`setUpModule`</span></a> or <a href="#id181"><span class="problematic" id="id182">:func:`tearDownModule`</span></a> run.</p>
<div class="system-message" id="id171">
<p class="system-message-title">System Message: ERROR/3 (<tt class="docutils">unittest.rst</tt>, line 609); <em><a href="#id172">backlink</a></em></p>
Unknown interpreted text role &quot;meth&quot;.</div>
<div class="system-message" id="id173">
<p class="system-message-title">System Message: ERROR/3 (<tt class="docutils">unittest.rst</tt>, line 609); <em><a href="#id174">backlink</a></em></p>
Unknown interpreted text role &quot;meth&quot;.</div>
<div class="system-message" id="id175">
<p class="system-message-title">System Message: ERROR/3 (<tt class="docutils">unittest.rst</tt>, line 609); <em><a href="#id176">backlink</a></em></p>
Unknown interpreted text role &quot;meth&quot;.</div>
<div class="system-message" id="id177">
<p class="system-message-title">System Message: ERROR/3 (<tt class="docutils">unittest.rst</tt>, line 609); <em><a href="#id178">backlink</a></em></p>
Unknown interpreted text role &quot;meth&quot;.</div>
<div class="system-message" id="id179">
<p class="system-message-title">System Message: ERROR/3 (<tt class="docutils">unittest.rst</tt>, line 609); <em><a href="#id180">backlink</a></em></p>
Unknown interpreted text role &quot;func&quot;.</div>
<div class="system-message" id="id181">
<p class="system-message-title">System Message: ERROR/3 (<tt class="docutils">unittest.rst</tt>, line 609); <em><a href="#id182">backlink</a></em></p>
Unknown interpreted text role &quot;func&quot;.</div>
</div>
<div class="section" id="distinguishing-test-iterations-using-subtests">
<span id="subtests"></span><h1>Distinguishing test iterations using subtests</h1>
<div class="system-message">
<p class="system-message-title">System Message: ERROR/3 (<tt class="docutils">unittest.rst</tt>, line 619)</p>
<p>Unknown directive type &quot;versionadded&quot;.</p>
<pre class="literal-block">
.. versionadded:: 3.4

</pre>
</div>
<p>When there are very small differences among your tests, for
instance some parameters, unittest allows you to distinguish them inside
the body of a test method using the <a href="#id183"><span class="problematic" id="id184">:meth:`~TestCase.subTest`</span></a> context manager.</p>
<div class="system-message" id="id183">
<p class="system-message-title">System Message: ERROR/3 (<tt class="docutils">unittest.rst</tt>, line 621); <em><a href="#id184">backlink</a></em></p>
Unknown interpreted text role &quot;meth&quot;.</div>
<p>For example, the following test:</p>
<pre class="literal-block">
class NumbersTest(unittest.TestCase):

    def test_even(self):
        &quot;&quot;&quot;
        Test that numbers between 0 and 5 are all even.
        &quot;&quot;&quot;
        for i in range(0, 6):
            with self.subTest(i=i):
                self.assertEqual(i % 2, 0)
</pre>
<p>will produce the following output:</p>
<pre class="literal-block">
======================================================================
FAIL: test_even (__main__.NumbersTest) (i=1)
----------------------------------------------------------------------
Traceback (most recent call last):
  File &quot;subtests.py&quot;, line 32, in test_even
    self.assertEqual(i % 2, 0)
AssertionError: 1 != 0

======================================================================
FAIL: test_even (__main__.NumbersTest) (i=3)
----------------------------------------------------------------------
Traceback (most recent call last):
  File &quot;subtests.py&quot;, line 32, in test_even
    self.assertEqual(i % 2, 0)
AssertionError: 1 != 0

======================================================================
FAIL: test_even (__main__.NumbersTest) (i=5)
----------------------------------------------------------------------
Traceback (most recent call last):
  File &quot;subtests.py&quot;, line 32, in test_even
    self.assertEqual(i % 2, 0)
AssertionError: 1 != 0
</pre>
<p>Without using a subtest, execution would stop after the first failure,
and the error would be less easy to diagnose because the value of <tt class="docutils literal">i</tt>
wouldn't be displayed:</p>
<pre class="literal-block">
======================================================================
FAIL: test_even (__main__.NumbersTest)
----------------------------------------------------------------------
Traceback (most recent call last):
  File &quot;subtests.py&quot;, line 32, in test_even
    self.assertEqual(i % 2, 0)
AssertionError: 1 != 0
</pre>
</div>
<div class="section" id="classes-and-functions">
<span id="unittest-contents"></span><h1>Classes and functions</h1>
<p>This section describes in depth the API of <a href="#id185"><span class="problematic" id="id186">:mod:`unittest`</span></a>.</p>
<div class="system-message" id="id185">
<p class="system-message-title">System Message: ERROR/3 (<tt class="docutils">unittest.rst</tt>, line 681); <em><a href="#id186">backlink</a></em></p>
Unknown interpreted text role &quot;mod&quot;.</div>
<div class="section" id="test-cases">
<span id="testcase-objects"></span><h2>Test cases</h2>
<p class="testcase-methodname-runtest">Instances of the <a href="#id187"><span class="problematic" id="id188">:class:`TestCase`</span></a> class represent the logical test units
in the <a href="#id189"><span class="problematic" id="id190">:mod:`unittest`</span></a> universe.  This class is intended to be used as a base
class, with specific tests being implemented by concrete subclasses.  This class
implements the interface needed by the test runner to allow it to drive the
tests, and methods that the test code can use to check for and report various
kinds of failure.</p>
<div class="testcase-methodname-runtest system-message" id="id187">
<p class="system-message-title">System Message: ERROR/3 (<tt class="docutils">unittest.rst</tt>, line 691); <em><a href="#id188">backlink</a></em></p>
Unknown interpreted text role &quot;class&quot;.</div>
<div class="testcase-methodname-runtest system-message" id="id189">
<p class="system-message-title">System Message: ERROR/3 (<tt class="docutils">unittest.rst</tt>, line 691); <em><a href="#id190">backlink</a></em></p>
Unknown interpreted text role &quot;mod&quot;.</div>
<p class="testcase-methodname-runtest">Each instance of <a href="#id191"><span class="problematic" id="id192">:class:`TestCase`</span></a> will run a single base method: the method
named <em>methodName</em>.
In most uses of <a href="#id193"><span class="problematic" id="id194">:class:`TestCase`</span></a>, you will neither change
the <em>methodName</em> nor reimplement the default <tt class="docutils literal">runTest()</tt> method.</p>
<div class="testcase-methodname-runtest system-message" id="id191">
<p class="system-message-title">System Message: ERROR/3 (<tt class="docutils">unittest.rst</tt>, line 698); <em><a href="#id192">backlink</a></em></p>
Unknown interpreted text role &quot;class&quot;.</div>
<div class="testcase-methodname-runtest system-message" id="id193">
<p class="system-message-title">System Message: ERROR/3 (<tt class="docutils">unittest.rst</tt>, line 698); <em><a href="#id194">backlink</a></em></p>
Unknown interpreted text role &quot;class&quot;.</div>
<div class="testcase-methodname-runtest system-message">
<p class="system-message-title">System Message: ERROR/3 (<tt class="docutils">unittest.rst</tt>, line 703)</p>
<p>Unknown directive type &quot;versionchanged&quot;.</p>
<pre class="literal-block">
.. versionchanged:: 3.2
   :class:`TestCase` can be instantiated successfully without providing a
   *methodName*. This makes it easier to experiment with :class:`TestCase`
   from the interactive interpreter.

</pre>
</div>
<p class="testcase-methodname-runtest"><a href="#id195"><span class="problematic" id="id196">:class:`TestCase`</span></a> instances provide three groups of methods: one group used
to run the test, another used by the test implementation to check conditions
and report failures, and some inquiry methods allowing information about the
test itself to be gathered.</p>
<div class="testcase-methodname-runtest system-message" id="id195">
<p class="system-message-title">System Message: ERROR/3 (<tt class="docutils">unittest.rst</tt>, line 708); <em><a href="#id196">backlink</a></em></p>
Unknown interpreted text role &quot;class&quot;.</div>
<p class="testcase-methodname-runtest">Methods in the first group (running the test) are:</p>
<div class="testcase-methodname-runtest system-message">
<p class="system-message-title">System Message: ERROR/3 (<tt class="docutils">unittest.rst</tt>, line 715)</p>
<p>Unknown directive type &quot;method&quot;.</p>
<pre class="literal-block">
.. method:: setUp()

   Method called to prepare the test fixture.  This is called immediately
   before calling the test method; other than :exc:`AssertionError` or :exc:`SkipTest`,
   any exception raised by this method will be considered an error rather than
   a test failure. The default implementation does nothing.


</pre>
</div>
<div class="testcase-methodname-runtest system-message">
<p class="system-message-title">System Message: ERROR/3 (<tt class="docutils">unittest.rst</tt>, line 723)</p>
<p>Unknown directive type &quot;method&quot;.</p>
<pre class="literal-block">
.. method:: tearDown()

   Method called immediately after the test method has been called and the
   result recorded.  This is called even if the test method raised an
   exception, so the implementation in subclasses may need to be particularly
   careful about checking internal state.  Any exception, other than
   :exc:`AssertionError` or :exc:`SkipTest`, raised by this method will be
   considered an additional error rather than a test failure (thus increasing
   the total number of reported errors). This method will only be called if
   the :meth:`setUp` succeeds, regardless of the outcome of the test method.
   The default implementation does nothing.


</pre>
</div>
<div class="testcase-methodname-runtest system-message">
<p class="system-message-title">System Message: ERROR/3 (<tt class="docutils">unittest.rst</tt>, line 736)</p>
<p>Unknown directive type &quot;method&quot;.</p>
<pre class="literal-block">
.. method:: setUpClass()

   A class method called before tests in an individual class are run.
   ``setUpClass`` is called with the class as the only argument
   and must be decorated as a :func:`classmethod`::

     &#64;classmethod
     def setUpClass(cls):
         ...

   See `Class and Module Fixtures`_ for more details.

   .. versionadded:: 3.2


</pre>
</div>
<div class="testcase-methodname-runtest system-message">
<p class="system-message-title">System Message: ERROR/3 (<tt class="docutils">unittest.rst</tt>, line 751)</p>
<p>Unknown directive type &quot;method&quot;.</p>
<pre class="literal-block">
.. method:: tearDownClass()

   A class method called after tests in an individual class have run.
   ``tearDownClass`` is called with the class as the only argument
   and must be decorated as a :meth:`classmethod`::

     &#64;classmethod
     def tearDownClass(cls):
         ...

   See `Class and Module Fixtures`_ for more details.

   .. versionadded:: 3.2


</pre>
</div>
<div class="testcase-methodname-runtest system-message">
<p class="system-message-title">System Message: ERROR/3 (<tt class="docutils">unittest.rst</tt>, line 766)</p>
<p>Unknown directive type &quot;method&quot;.</p>
<pre class="literal-block">
.. method:: run(result=None)

   Run the test, collecting the result into the :class:`TestResult` object
   passed as *result*.  If *result* is omitted or ``None``, a temporary
   result object is created (by calling the :meth:`defaultTestResult`
   method) and used. The result object is returned to :meth:`run`'s
   caller.

   The same effect may be had by simply calling the :class:`TestCase`
   instance.

   .. versionchanged:: 3.3
      Previous versions of ``run`` did not return the result. Neither did
      calling an instance.

</pre>
</div>
<div class="testcase-methodname-runtest system-message">
<p class="system-message-title">System Message: ERROR/3 (<tt class="docutils">unittest.rst</tt>, line 781)</p>
<p>Unknown directive type &quot;method&quot;.</p>
<pre class="literal-block">
.. method:: skipTest(reason)

   Calling this during a test method or :meth:`setUp` skips the current
   test.  See :ref:`unittest-skipping` for more information.

   .. versionadded:: 3.1


</pre>
</div>
<div class="testcase-methodname-runtest system-message">
<p class="system-message-title">System Message: ERROR/3 (<tt class="docutils">unittest.rst</tt>, line 789)</p>
<p>Unknown directive type &quot;method&quot;.</p>
<pre class="literal-block">
.. method:: subTest(msg=None, **params)

   Return a context manager which executes the enclosed code block as a
   subtest.  *msg* and *params* are optional, arbitrary values which are
   displayed whenever a subtest fails, allowing you to identify them
   clearly.

   A test case can contain any number of subtest declarations, and
   they can be arbitrarily nested.

   See :ref:`subtests` for more information.

   .. versionadded:: 3.4


</pre>
</div>
<div class="testcase-methodname-runtest system-message">
<p class="system-message-title">System Message: ERROR/3 (<tt class="docutils">unittest.rst</tt>, line 804)</p>
<p>Unknown directive type &quot;method&quot;.</p>
<pre class="literal-block">
.. method:: debug()

   Run the test without collecting the result.  This allows exceptions raised
   by the test to be propagated to the caller, and can be used to support
   running tests under a debugger.

</pre>
</div>
<p class="testcase-methodname-runtest" id="assert-methods">The <a href="#id197"><span class="problematic" id="id198">:class:`TestCase`</span></a> class provides several assert methods to check for and
report failures.  The following table lists the most commonly used methods
(see the tables below for more assert methods):</p>
<div class="testcase-methodname-runtest system-message" id="id197">
<p class="system-message-title">System Message: ERROR/3 (<tt class="docutils">unittest.rst</tt>, line 812); <em><a href="#id198">backlink</a></em></p>
Unknown interpreted text role &quot;class&quot;.</div>
<table border="1" class="testcase-methodname-runtest docutils">
<colgroup>
<col width="48%" />
<col width="34%" />
<col width="18%" />
</colgroup>
<thead valign="bottom">
<tr><th class="head">Method</th>
<th class="head">Checks that</th>
<th class="head">New in</th>
</tr>
</thead>
<tbody valign="top">
<tr><td><p class="first"><a href="#id199"><span class="problematic" id="id200">:meth:`assertEqual(a, b)
&lt;TestCase.assertEqual&gt;`</span></a></p>
<div class="last system-message" id="id199">
<p class="system-message-title">System Message: ERROR/3 (<tt class="docutils">unittest.rst</tt>, line 820); <em><a href="#id200">backlink</a></em></p>
Unknown interpreted text role &quot;meth&quot;.</div>
</td>
<td><tt class="docutils literal">a == b</tt></td>
<td>&nbsp;</td>
</tr>
<tr><td><p class="first"><a href="#id201"><span class="problematic" id="id202">:meth:`assertNotEqual(a, b)
&lt;TestCase.assertNotEqual&gt;`</span></a></p>
<div class="last system-message" id="id201">
<p class="system-message-title">System Message: ERROR/3 (<tt class="docutils">unittest.rst</tt>, line 823); <em><a href="#id202">backlink</a></em></p>
Unknown interpreted text role &quot;meth&quot;.</div>
</td>
<td><tt class="docutils literal">a != b</tt></td>
<td>&nbsp;</td>
</tr>
<tr><td><p class="first"><a href="#id203"><span class="problematic" id="id204">:meth:`assertTrue(x)
&lt;TestCase.assertTrue&gt;`</span></a></p>
<div class="last system-message" id="id203">
<p class="system-message-title">System Message: ERROR/3 (<tt class="docutils">unittest.rst</tt>, line 826); <em><a href="#id204">backlink</a></em></p>
Unknown interpreted text role &quot;meth&quot;.</div>
</td>
<td><tt class="docutils literal">bool(x) is True</tt></td>
<td>&nbsp;</td>
</tr>
<tr><td><p class="first"><a href="#id205"><span class="problematic" id="id206">:meth:`assertFalse(x)
&lt;TestCase.assertFalse&gt;`</span></a></p>
<div class="last system-message" id="id205">
<p class="system-message-title">System Message: ERROR/3 (<tt class="docutils">unittest.rst</tt>, line 829); <em><a href="#id206">backlink</a></em></p>
Unknown interpreted text role &quot;meth&quot;.</div>
</td>
<td><tt class="docutils literal">bool(x) is False</tt></td>
<td>&nbsp;</td>
</tr>
<tr><td><p class="first"><a href="#id207"><span class="problematic" id="id208">:meth:`assertIs(a, b)
&lt;TestCase.assertIs&gt;`</span></a></p>
<div class="last system-message" id="id207">
<p class="system-message-title">System Message: ERROR/3 (<tt class="docutils">unittest.rst</tt>, line 832); <em><a href="#id208">backlink</a></em></p>
Unknown interpreted text role &quot;meth&quot;.</div>
</td>
<td><tt class="docutils literal">a is b</tt></td>
<td>3.1</td>
</tr>
<tr><td><p class="first"><a href="#id209"><span class="problematic" id="id210">:meth:`assertIsNot(a, b)
&lt;TestCase.assertIsNot&gt;`</span></a></p>
<div class="last system-message" id="id209">
<p class="system-message-title">System Message: ERROR/3 (<tt class="docutils">unittest.rst</tt>, line 835); <em><a href="#id210">backlink</a></em></p>
Unknown interpreted text role &quot;meth&quot;.</div>
</td>
<td><tt class="docutils literal">a is not b</tt></td>
<td>3.1</td>
</tr>
<tr><td><p class="first"><a href="#id211"><span class="problematic" id="id212">:meth:`assertIsNone(x)
&lt;TestCase.assertIsNone&gt;`</span></a></p>
<div class="last system-message" id="id211">
<p class="system-message-title">System Message: ERROR/3 (<tt class="docutils">unittest.rst</tt>, line 838); <em><a href="#id212">backlink</a></em></p>
Unknown interpreted text role &quot;meth&quot;.</div>
</td>
<td><tt class="docutils literal">x is None</tt></td>
<td>3.1</td>
</tr>
<tr><td><p class="first"><a href="#id213"><span class="problematic" id="id214">:meth:`assertIsNotNone(x)
&lt;TestCase.assertIsNotNone&gt;`</span></a></p>
<div class="last system-message" id="id213">
<p class="system-message-title">System Message: ERROR/3 (<tt class="docutils">unittest.rst</tt>, line 841); <em><a href="#id214">backlink</a></em></p>
Unknown interpreted text role &quot;meth&quot;.</div>
</td>
<td><tt class="docutils literal">x is not None</tt></td>
<td>3.1</td>
</tr>
<tr><td><p class="first"><a href="#id215"><span class="problematic" id="id216">:meth:`assertIn(a, b)
&lt;TestCase.assertIn&gt;`</span></a></p>
<div class="last system-message" id="id215">
<p class="system-message-title">System Message: ERROR/3 (<tt class="docutils">unittest.rst</tt>, line 844); <em><a href="#id216">backlink</a></em></p>
Unknown interpreted text role &quot;meth&quot;.</div>
</td>
<td><tt class="docutils literal">a in b</tt></td>
<td>3.1</td>
</tr>
<tr><td><p class="first"><a href="#id217"><span class="problematic" id="id218">:meth:`assertNotIn(a, b)
&lt;TestCase.assertNotIn&gt;`</span></a></p>
<div class="last system-message" id="id217">
<p class="system-message-title">System Message: ERROR/3 (<tt class="docutils">unittest.rst</tt>, line 847); <em><a href="#id218">backlink</a></em></p>
Unknown interpreted text role &quot;meth&quot;.</div>
</td>
<td><tt class="docutils literal">a not in b</tt></td>
<td>3.1</td>
</tr>
<tr><td><p class="first"><a href="#id219"><span class="problematic" id="id220">:meth:`assertIsInstance(a, b)
&lt;TestCase.assertIsInstance&gt;`</span></a></p>
<div class="last system-message" id="id219">
<p class="system-message-title">System Message: ERROR/3 (<tt class="docutils">unittest.rst</tt>, line 850); <em><a href="#id220">backlink</a></em></p>
Unknown interpreted text role &quot;meth&quot;.</div>
</td>
<td><tt class="docutils literal">isinstance(a, b)</tt></td>
<td>3.2</td>
</tr>
<tr><td><p class="first"><a href="#id221"><span class="problematic" id="id222">:meth:`assertNotIsInstance(a, b)
&lt;TestCase.assertNotIsInstance&gt;`</span></a></p>
<div class="last system-message" id="id221">
<p class="system-message-title">System Message: ERROR/3 (<tt class="docutils">unittest.rst</tt>, line 853); <em><a href="#id222">backlink</a></em></p>
Unknown interpreted text role &quot;meth&quot;.</div>
</td>
<td><tt class="docutils literal">not isinstance(a, b)</tt></td>
<td>3.2</td>
</tr>
</tbody>
</table>
<p class="testcase-methodname-runtest">All the assert methods accept a <em>msg</em> argument that, if specified, is used
as the error message on failure (see also <a href="#id223"><span class="problematic" id="id224">:data:`longMessage`</span></a>).
Note that the <em>msg</em> keyword argument can be passed to <a href="#id225"><span class="problematic" id="id226">:meth:`assertRaises`</span></a>,
<a href="#id227"><span class="problematic" id="id228">:meth:`assertRaisesRegex`</span></a>, <a href="#id229"><span class="problematic" id="id230">:meth:`assertWarns`</span></a>, <a href="#id231"><span class="problematic" id="id232">:meth:`assertWarnsRegex`</span></a>
only when they are used as a context manager.</p>
<div class="testcase-methodname-runtest system-message" id="id223">
<p class="system-message-title">System Message: ERROR/3 (<tt class="docutils">unittest.rst</tt>, line 856); <em><a href="#id224">backlink</a></em></p>
Unknown interpreted text role &quot;data&quot;.</div>
<div class="testcase-methodname-runtest system-message" id="id225">
<p class="system-message-title">System Message: ERROR/3 (<tt class="docutils">unittest.rst</tt>, line 856); <em><a href="#id226">backlink</a></em></p>
Unknown interpreted text role &quot;meth&quot;.</div>
<div class="testcase-methodname-runtest system-message" id="id227">
<p class="system-message-title">System Message: ERROR/3 (<tt class="docutils">unittest.rst</tt>, line 856); <em><a href="#id228">backlink</a></em></p>
Unknown interpreted text role &quot;meth&quot;.</div>
<div class="testcase-methodname-runtest system-message" id="id229">
<p class="system-message-title">System Message: ERROR/3 (<tt class="docutils">unittest.rst</tt>, line 856); <em><a href="#id230">backlink</a></em></p>
Unknown interpreted text role &quot;meth&quot;.</div>
<div class="testcase-methodname-runtest system-message" id="id231">
<p class="system-message-title">System Message: ERROR/3 (<tt class="docutils">unittest.rst</tt>, line 856); <em><a href="#id232">backlink</a></em></p>
Unknown interpreted text role &quot;meth&quot;.</div>
<div class="testcase-methodname-runtest system-message">
<p class="system-message-title">System Message: ERROR/3 (<tt class="docutils">unittest.rst</tt>, line 862)</p>
<p>Unknown directive type &quot;method&quot;.</p>
<pre class="literal-block">
.. method:: assertEqual(first, second, msg=None)

   Test that *first* and *second* are equal.  If the values do not
   compare equal, the test will fail.

   In addition, if *first* and *second* are the exact same type and one of
   list, tuple, dict, set, frozenset or str or any type that a subclass
   registers with :meth:`addTypeEqualityFunc` the type-specific equality
   function will be called in order to generate a more useful default
   error message (see also the :ref:`list of type-specific methods
   &lt;type-specific-methods&gt;`).

   .. versionchanged:: 3.1
      Added the automatic calling of type-specific equality function.

   .. versionchanged:: 3.2
      :meth:`assertMultiLineEqual` added as the default type equality
      function for comparing strings.


</pre>
</div>
<div class="testcase-methodname-runtest system-message">
<p class="system-message-title">System Message: ERROR/3 (<tt class="docutils">unittest.rst</tt>, line 882)</p>
<p>Unknown directive type &quot;method&quot;.</p>
<pre class="literal-block">
.. method:: assertNotEqual(first, second, msg=None)

   Test that *first* and *second* are not equal.  If the values do
   compare equal, the test will fail.

</pre>
</div>
<div class="testcase-methodname-runtest system-message">
<p class="system-message-title">System Message: ERROR/3 (<tt class="docutils">unittest.rst</tt>, line 887)</p>
<p>Unknown directive type &quot;method&quot;.</p>
<pre class="literal-block">
.. method:: assertTrue(expr, msg=None)
            assertFalse(expr, msg=None)

   Test that *expr* is true (or false).

   Note that this is equivalent to ``bool(expr) is True`` and not to ``expr
   is True`` (use ``assertIs(expr, True)`` for the latter).  This method
   should also be avoided when more specific methods are available (e.g.
   ``assertEqual(a, b)`` instead of ``assertTrue(a == b)``), because they
   provide a better error message in case of failure.


</pre>
</div>
<div class="testcase-methodname-runtest system-message">
<p class="system-message-title">System Message: ERROR/3 (<tt class="docutils">unittest.rst</tt>, line 899)</p>
<p>Unknown directive type &quot;method&quot;.</p>
<pre class="literal-block">
.. method:: assertIs(first, second, msg=None)
            assertIsNot(first, second, msg=None)

   Test that *first* and *second* are (or are not) the same object.

   .. versionadded:: 3.1


</pre>
</div>
<div class="testcase-methodname-runtest system-message">
<p class="system-message-title">System Message: ERROR/3 (<tt class="docutils">unittest.rst</tt>, line 907)</p>
<p>Unknown directive type &quot;method&quot;.</p>
<pre class="literal-block">
.. method:: assertIsNone(expr, msg=None)
            assertIsNotNone(expr, msg=None)

   Test that *expr* is (or is not) ``None``.

   .. versionadded:: 3.1


</pre>
</div>
<div class="testcase-methodname-runtest system-message">
<p class="system-message-title">System Message: ERROR/3 (<tt class="docutils">unittest.rst</tt>, line 915)</p>
<p>Unknown directive type &quot;method&quot;.</p>
<pre class="literal-block">
.. method:: assertIn(member, container, msg=None)
            assertNotIn(member, container, msg=None)

   Test that *member* is (or is not) in *container*.

   .. versionadded:: 3.1


</pre>
</div>
<div class="testcase-methodname-runtest system-message">
<p class="system-message-title">System Message: ERROR/3 (<tt class="docutils">unittest.rst</tt>, line 923)</p>
<p>Unknown directive type &quot;method&quot;.</p>
<pre class="literal-block">
.. method:: assertIsInstance(obj, cls, msg=None)
            assertNotIsInstance(obj, cls, msg=None)

   Test that *obj* is (or is not) an instance of *cls* (which can be a
   class or a tuple of classes, as supported by :func:`isinstance`).
   To check for the exact type, use :func:`assertIs(type(obj), cls) &lt;assertIs&gt;`.

   .. versionadded:: 3.2



</pre>
</div>
<p class="testcase-methodname-runtest">It is also possible to check the production of exceptions, warnings, and
log messages using the following methods:</p>
<table border="1" class="testcase-methodname-runtest docutils">
<colgroup>
<col width="53%" />
<col width="36%" />
<col width="11%" />
</colgroup>
<thead valign="bottom">
<tr><th class="head">Method</th>
<th class="head">Checks that</th>
<th class="head">New in</th>
</tr>
</thead>
<tbody valign="top">
<tr><td><p class="first"><a href="#id233"><span class="problematic" id="id234">:meth:`assertRaises(exc, fun, *args, **kwds)
&lt;TestCase.assertRaises&gt;`</span></a></p>
<div class="last system-message" id="id233">
<p class="system-message-title">System Message: ERROR/3 (<tt class="docutils">unittest.rst</tt>, line 941); <em><a href="#id234">backlink</a></em></p>
Unknown interpreted text role &quot;meth&quot;.</div>
</td>
<td><tt class="docutils literal"><span class="pre">fun(*args,</span> **kwds)</tt> raises <em>exc</em></td>
<td>&nbsp;</td>
</tr>
<tr><td><p class="first"><a href="#id235"><span class="problematic" id="id236">:meth:`assertRaisesRegex(exc, r, fun, *args, **kwds)
&lt;TestCase.assertRaisesRegex&gt;`</span></a></p>
<div class="last system-message" id="id235">
<p class="system-message-title">System Message: ERROR/3 (<tt class="docutils">unittest.rst</tt>, line 944); <em><a href="#id236">backlink</a></em></p>
Unknown interpreted text role &quot;meth&quot;.</div>
</td>
<td><tt class="docutils literal"><span class="pre">fun(*args,</span> **kwds)</tt> raises <em>exc</em>
and the message matches regex <em>r</em></td>
<td>3.1</td>
</tr>
<tr><td><p class="first"><a href="#id237"><span class="problematic" id="id238">:meth:`assertWarns(warn, fun, *args, **kwds)
&lt;TestCase.assertWarns&gt;`</span></a></p>
<div class="last system-message" id="id237">
<p class="system-message-title">System Message: ERROR/3 (<tt class="docutils">unittest.rst</tt>, line 947); <em><a href="#id238">backlink</a></em></p>
Unknown interpreted text role &quot;meth&quot;.</div>
</td>
<td><tt class="docutils literal"><span class="pre">fun(*args,</span> **kwds)</tt> raises <em>warn</em></td>
<td>3.2</td>
</tr>
<tr><td><p class="first"><a href="#id239"><span class="problematic" id="id240">:meth:`assertWarnsRegex(warn, r, fun, *args, **kwds)
&lt;TestCase.assertWarnsRegex&gt;`</span></a></p>
<div class="last system-message" id="id239">
<p class="system-message-title">System Message: ERROR/3 (<tt class="docutils">unittest.rst</tt>, line 950); <em><a href="#id240">backlink</a></em></p>
Unknown interpreted text role &quot;meth&quot;.</div>
</td>
<td><tt class="docutils literal"><span class="pre">fun(*args,</span> **kwds)</tt> raises <em>warn</em>
and the message matches regex <em>r</em></td>
<td>3.2</td>
</tr>
<tr><td><p class="first"><a href="#id241"><span class="problematic" id="id242">:meth:`assertLogs(logger, level)
&lt;TestCase.assertLogs&gt;`</span></a></p>
<div class="last system-message" id="id241">
<p class="system-message-title">System Message: ERROR/3 (<tt class="docutils">unittest.rst</tt>, line 953); <em><a href="#id242">backlink</a></em></p>
Unknown interpreted text role &quot;meth&quot;.</div>
</td>
<td>The <tt class="docutils literal">with</tt> block logs on <em>logger</em>
with minimum <em>level</em></td>
<td>3.4</td>
</tr>
</tbody>
</table>
<div class="testcase-methodname-runtest system-message">
<p class="system-message-title">System Message: ERROR/3 (<tt class="docutils">unittest.rst</tt>, line 956)</p>
<p>Unknown directive type &quot;method&quot;.</p>
<pre class="literal-block">
.. method:: assertRaises(exception, callable, *args, **kwds)
            assertRaises(exception, *, msg=None)

   Test that an exception is raised when *callable* is called with any
   positional or keyword arguments that are also passed to
   :meth:`assertRaises`.  The test passes if *exception* is raised, is an
   error if another exception is raised, or fails if no exception is raised.
   To catch any of a group of exceptions, a tuple containing the exception
   classes may be passed as *exception*.

   If only the *exception* and possibly the *msg* arguments are given,
   return a context manager so that the code under test can be written
   inline rather than as a function::

      with self.assertRaises(SomeException):
          do_something()

   When used as a context manager, :meth:`assertRaises` accepts the
   additional keyword argument *msg*.

   The context manager will store the caught exception object in its
   :attr:`exception` attribute.  This can be useful if the intention
   is to perform additional checks on the exception raised::

      with self.assertRaises(SomeException) as cm:
          do_something()

      the_exception = cm.exception
      self.assertEqual(the_exception.error_code, 3)

   .. versionchanged:: 3.1
      Added the ability to use :meth:`assertRaises` as a context manager.

   .. versionchanged:: 3.2
      Added the :attr:`exception` attribute.

   .. versionchanged:: 3.3
      Added the *msg* keyword argument when used as a context manager.


</pre>
</div>
<div class="testcase-methodname-runtest system-message">
<p class="system-message-title">System Message: ERROR/3 (<tt class="docutils">unittest.rst</tt>, line 996)</p>
<p>Unknown directive type &quot;method&quot;.</p>
<pre class="literal-block">
.. method:: assertRaisesRegex(exception, regex, callable, *args, **kwds)
            assertRaisesRegex(exception, regex, *, msg=None)

   Like :meth:`assertRaises` but also tests that *regex* matches
   on the string representation of the raised exception.  *regex* may be
   a regular expression object or a string containing a regular expression
   suitable for use by :func:`re.search`.  Examples::

      self.assertRaisesRegex(ValueError, &quot;invalid literal for.*XYZ'$&quot;,
                             int, 'XYZ')

   or::

      with self.assertRaisesRegex(ValueError, 'literal'):
         int('XYZ')

   .. versionadded:: 3.1
      Added under the name ``assertRaisesRegexp``.

   .. versionchanged:: 3.2
      Renamed to :meth:`assertRaisesRegex`.

   .. versionchanged:: 3.3
      Added the *msg* keyword argument when used as a context manager.


</pre>
</div>
<div class="testcase-methodname-runtest system-message">
<p class="system-message-title">System Message: ERROR/3 (<tt class="docutils">unittest.rst</tt>, line 1022)</p>
<p>Unknown directive type &quot;method&quot;.</p>
<pre class="literal-block">
.. method:: assertWarns(warning, callable, *args, **kwds)
            assertWarns(warning, *, msg=None)

   Test that a warning is triggered when *callable* is called with any
   positional or keyword arguments that are also passed to
   :meth:`assertWarns`.  The test passes if *warning* is triggered and
   fails if it isn't.  Any exception is an error.
   To catch any of a group of warnings, a tuple containing the warning
   classes may be passed as *warnings*.

   If only the *warning* and possibly the *msg* arguments are given,
   return a context manager so that the code under test can be written
   inline rather than as a function::

      with self.assertWarns(SomeWarning):
          do_something()

   When used as a context manager, :meth:`assertWarns` accepts the
   additional keyword argument *msg*.

   The context manager will store the caught warning object in its
   :attr:`warning` attribute, and the source line which triggered the
   warnings in the :attr:`filename` and :attr:`lineno` attributes.
   This can be useful if the intention is to perform additional checks
   on the warning caught::

      with self.assertWarns(SomeWarning) as cm:
          do_something()

      self.assertIn('myfile.py', cm.filename)
      self.assertEqual(320, cm.lineno)

   This method works regardless of the warning filters in place when it
   is called.

   .. versionadded:: 3.2

   .. versionchanged:: 3.3
      Added the *msg* keyword argument when used as a context manager.


</pre>
</div>
<div class="testcase-methodname-runtest system-message">
<p class="system-message-title">System Message: ERROR/3 (<tt class="docutils">unittest.rst</tt>, line 1063)</p>
<p>Unknown directive type &quot;method&quot;.</p>
<pre class="literal-block">
.. method:: assertWarnsRegex(warning, regex, callable, *args, **kwds)
            assertWarnsRegex(warning, regex, *, msg=None)

   Like :meth:`assertWarns` but also tests that *regex* matches on the
   message of the triggered warning.  *regex* may be a regular expression
   object or a string containing a regular expression suitable for use
   by :func:`re.search`.  Example::

      self.assertWarnsRegex(DeprecationWarning,
                            r'legacy_function\(\) is deprecated',
                            legacy_function, 'XYZ')

   or::

      with self.assertWarnsRegex(RuntimeWarning, 'unsafe frobnicating'):
          frobnicate('/etc/passwd')

   .. versionadded:: 3.2

   .. versionchanged:: 3.3
      Added the *msg* keyword argument when used as a context manager.

</pre>
</div>
<div class="testcase-methodname-runtest system-message">
<p class="system-message-title">System Message: ERROR/3 (<tt class="docutils">unittest.rst</tt>, line 1085)</p>
<p>Unknown directive type &quot;method&quot;.</p>
<pre class="literal-block">
.. method:: assertLogs(logger=None, level=None)

   A context manager to test that at least one message is logged on
   the *logger* or one of its children, with at least the given
   *level*.

   If given, *logger* should be a :class:`logging.Logger` object or a
   :class:`str` giving the name of a logger.  The default is the root
   logger, which will catch all messages that were not blocked by a
   non-propagating descendent logger.

   If given, *level* should be either a numeric logging level or
   its string equivalent (for example either ``&quot;ERROR&quot;`` or
   :attr:`logging.ERROR`).  The default is :attr:`logging.INFO`.

   The test passes if at least one message emitted inside the ``with``
   block matches the *logger* and *level* conditions, otherwise it fails.

   The object returned by the context manager is a recording helper
   which keeps tracks of the matching log messages.  It has two
   attributes:

   .. attribute:: records

      A list of :class:`logging.LogRecord` objects of the matching
      log messages.

   .. attribute:: output

      A list of :class:`str` objects with the formatted output of
      matching messages.

   Example::

      with self.assertLogs('foo', level='INFO') as cm:
         logging.getLogger('foo').info('first message')
         logging.getLogger('foo.bar').error('second message')
      self.assertEqual(cm.output, ['INFO:foo:first message',
                                   'ERROR:foo.bar:second message'])

   .. versionadded:: 3.4


</pre>
</div>
<p class="testcase-methodname-runtest">There are also other methods used to perform more specific checks, such as:</p>
<table border="1" class="testcase-methodname-runtest docutils">
<colgroup>
<col width="46%" />
<col width="38%" />
<col width="16%" />
</colgroup>
<thead valign="bottom">
<tr><th class="head">Method</th>
<th class="head">Checks that</th>
<th class="head">New in</th>
</tr>
</thead>
<tbody valign="top">
<tr><td><p class="first"><a href="#id243"><span class="problematic" id="id244">:meth:`assertAlmostEqual(a, b)
&lt;TestCase.assertAlmostEqual&gt;`</span></a></p>
<div class="last system-message" id="id243">
<p class="system-message-title">System Message: ERROR/3 (<tt class="docutils">unittest.rst</tt>, line 1134); <em><a href="#id244">backlink</a></em></p>
Unknown interpreted text role &quot;meth&quot;.</div>
</td>
<td><tt class="docutils literal"><span class="pre">round(a-b,</span> 7) == 0</tt></td>
<td>&nbsp;</td>
</tr>
<tr><td><p class="first"><a href="#id245"><span class="problematic" id="id246">:meth:`assertNotAlmostEqual(a, b)
&lt;TestCase.assertNotAlmostEqual&gt;`</span></a></p>
<div class="last system-message" id="id245">
<p class="system-message-title">System Message: ERROR/3 (<tt class="docutils">unittest.rst</tt>, line 1137); <em><a href="#id246">backlink</a></em></p>
Unknown interpreted text role &quot;meth&quot;.</div>
</td>
<td><tt class="docutils literal"><span class="pre">round(a-b,</span> 7) != 0</tt></td>
<td>&nbsp;</td>
</tr>
<tr><td><p class="first"><a href="#id247"><span class="problematic" id="id248">:meth:`assertGreater(a, b)
&lt;TestCase.assertGreater&gt;`</span></a></p>
<div class="last system-message" id="id247">
<p class="system-message-title">System Message: ERROR/3 (<tt class="docutils">unittest.rst</tt>, line 1140); <em><a href="#id248">backlink</a></em></p>
Unknown interpreted text role &quot;meth&quot;.</div>
</td>
<td><tt class="docutils literal">a &gt; b</tt></td>
<td>3.1</td>
</tr>
<tr><td><p class="first"><a href="#id249"><span class="problematic" id="id250">:meth:`assertGreaterEqual(a, b)
&lt;TestCase.assertGreaterEqual&gt;`</span></a></p>
<div class="last system-message" id="id249">
<p class="system-message-title">System Message: ERROR/3 (<tt class="docutils">unittest.rst</tt>, line 1143); <em><a href="#id250">backlink</a></em></p>
Unknown interpreted text role &quot;meth&quot;.</div>
</td>
<td><tt class="docutils literal">a &gt;= b</tt></td>
<td>3.1</td>
</tr>
<tr><td><p class="first"><a href="#id251"><span class="problematic" id="id252">:meth:`assertLess(a, b)
&lt;TestCase.assertLess&gt;`</span></a></p>
<div class="last system-message" id="id251">
<p class="system-message-title">System Message: ERROR/3 (<tt class="docutils">unittest.rst</tt>, line 1146); <em><a href="#id252">backlink</a></em></p>
Unknown interpreted text role &quot;meth&quot;.</div>
</td>
<td><tt class="docutils literal">a &lt; b</tt></td>
<td>3.1</td>
</tr>
<tr><td><p class="first"><a href="#id253"><span class="problematic" id="id254">:meth:`assertLessEqual(a, b)
&lt;TestCase.assertLessEqual&gt;`</span></a></p>
<div class="last system-message" id="id253">
<p class="system-message-title">System Message: ERROR/3 (<tt class="docutils">unittest.rst</tt>, line 1149); <em><a href="#id254">backlink</a></em></p>
Unknown interpreted text role &quot;meth&quot;.</div>
</td>
<td><tt class="docutils literal">a &lt;= b</tt></td>
<td>3.1</td>
</tr>
<tr><td><p class="first"><a href="#id255"><span class="problematic" id="id256">:meth:`assertRegex(s, r)
&lt;TestCase.assertRegex&gt;`</span></a></p>
<div class="last system-message" id="id255">
<p class="system-message-title">System Message: ERROR/3 (<tt class="docutils">unittest.rst</tt>, line 1152); <em><a href="#id256">backlink</a></em></p>
Unknown interpreted text role &quot;meth&quot;.</div>
</td>
<td><tt class="docutils literal">r.search(s)</tt></td>
<td>3.1</td>
</tr>
<tr><td><p class="first"><a href="#id257"><span class="problematic" id="id258">:meth:`assertNotRegex(s, r)
&lt;TestCase.assertNotRegex&gt;`</span></a></p>
<div class="last system-message" id="id257">
<p class="system-message-title">System Message: ERROR/3 (<tt class="docutils">unittest.rst</tt>, line 1155); <em><a href="#id258">backlink</a></em></p>
Unknown interpreted text role &quot;meth&quot;.</div>
</td>
<td><tt class="docutils literal">not r.search(s)</tt></td>
<td>3.2</td>
</tr>
<tr><td><p class="first"><a href="#id259"><span class="problematic" id="id260">:meth:`assertCountEqual(a, b)
&lt;TestCase.assertCountEqual&gt;`</span></a></p>
<div class="last system-message" id="id259">
<p class="system-message-title">System Message: ERROR/3 (<tt class="docutils">unittest.rst</tt>, line 1158); <em><a href="#id260">backlink</a></em></p>
Unknown interpreted text role &quot;meth&quot;.</div>
</td>
<td><em>a</em> and <em>b</em> have the same
elements in the same number,
regardless of their order.</td>
<td>3.2</td>
</tr>
</tbody>
</table>
<div class="testcase-methodname-runtest system-message">
<p class="system-message-title">System Message: ERROR/3 (<tt class="docutils">unittest.rst</tt>, line 1163)</p>
<p>Unknown directive type &quot;method&quot;.</p>
<pre class="literal-block">
.. method:: assertAlmostEqual(first, second, places=7, msg=None, delta=None)
            assertNotAlmostEqual(first, second, places=7, msg=None, delta=None)

   Test that *first* and *second* are approximately (or not approximately)
   equal by computing the difference, rounding to the given number of
   decimal *places* (default 7), and comparing to zero.  Note that these
   methods round the values to the given number of *decimal places* (i.e.
   like the :func:`round` function) and not *significant digits*.

   If *delta* is supplied instead of *places* then the difference
   between *first* and *second* must be less or equal to (or greater than) *delta*.

   Supplying both *delta* and *places* raises a :exc:`TypeError`.

   .. versionchanged:: 3.2
      :meth:`assertAlmostEqual` automatically considers almost equal objects
      that compare equal.  :meth:`assertNotAlmostEqual` automatically fails
      if the objects compare equal.  Added the *delta* keyword argument.


</pre>
</div>
<div class="testcase-methodname-runtest system-message">
<p class="system-message-title">System Message: ERROR/3 (<tt class="docutils">unittest.rst</tt>, line 1183)</p>
<p>Unknown directive type &quot;method&quot;.</p>
<pre class="literal-block">
.. method:: assertGreater(first, second, msg=None)
            assertGreaterEqual(first, second, msg=None)
            assertLess(first, second, msg=None)
            assertLessEqual(first, second, msg=None)

   Test that *first* is respectively &gt;, &gt;=, &lt; or &lt;= than *second* depending
   on the method name.  If not, the test will fail::

      &gt;&gt;&gt; self.assertGreaterEqual(3, 4)
      AssertionError: &quot;3&quot; unexpectedly not greater than or equal to &quot;4&quot;

   .. versionadded:: 3.1


</pre>
</div>
<div class="testcase-methodname-runtest system-message">
<p class="system-message-title">System Message: ERROR/3 (<tt class="docutils">unittest.rst</tt>, line 1197)</p>
<p>Unknown directive type &quot;method&quot;.</p>
<pre class="literal-block">
.. method:: assertRegex(text, regex, msg=None)
            assertNotRegex(text, regex, msg=None)

   Test that a *regex* search matches (or does not match) *text*.  In case
   of failure, the error message will include the pattern and the *text* (or
   the pattern and the part of *text* that unexpectedly matched).  *regex*
   may be a regular expression object or a string containing a regular
   expression suitable for use by :func:`re.search`.

   .. versionadded:: 3.1
      Added under the name ``assertRegexpMatches``.
   .. versionchanged:: 3.2
      The method ``assertRegexpMatches()`` has been renamed to
      :meth:`.assertRegex`.
   .. versionadded:: 3.2
      :meth:`.assertNotRegex`.
   .. versionadded:: 3.5
      The name ``assertNotRegexpMatches`` is a deprecated alias
      for :meth:`.assertNotRegex`.


</pre>
</div>
<div class="testcase-methodname-runtest system-message">
<p class="system-message-title">System Message: ERROR/3 (<tt class="docutils">unittest.rst</tt>, line 1218)</p>
<p>Unknown directive type &quot;method&quot;.</p>
<pre class="literal-block">
.. method:: assertCountEqual(first, second, msg=None)

   Test that sequence *first* contains the same elements as *second*,
   regardless of their order. When they don't, an error message listing the
   differences between the sequences will be generated.

   Duplicate elements are *not* ignored when comparing *first* and
   *second*. It verifies whether each element has the same count in both
   sequences. Equivalent to:
   ``assertEqual(Counter(list(first)), Counter(list(second)))``
   but works with sequences of unhashable objects as well.

   .. versionadded:: 3.2


</pre>
</div>
<p class="testcase-methodname-runtest" id="type-specific-methods">The <a href="#id261"><span class="problematic" id="id262">:meth:`assertEqual`</span></a> method dispatches the equality check for objects of
the same type to different type-specific methods.  These methods are already
implemented for most of the built-in types, but it's also possible to
register new methods using <a href="#id263"><span class="problematic" id="id264">:meth:`addTypeEqualityFunc`</span></a>:</p>
<div class="testcase-methodname-runtest system-message" id="id261">
<p class="system-message-title">System Message: ERROR/3 (<tt class="docutils">unittest.rst</tt>, line 1235); <em><a href="#id262">backlink</a></em></p>
Unknown interpreted text role &quot;meth&quot;.</div>
<div class="testcase-methodname-runtest system-message" id="id263">
<p class="system-message-title">System Message: ERROR/3 (<tt class="docutils">unittest.rst</tt>, line 1235); <em><a href="#id264">backlink</a></em></p>
Unknown interpreted text role &quot;meth&quot;.</div>
<div class="testcase-methodname-runtest system-message">
<p class="system-message-title">System Message: ERROR/3 (<tt class="docutils">unittest.rst</tt>, line 1240)</p>
<p>Unknown directive type &quot;method&quot;.</p>
<pre class="literal-block">
.. method:: addTypeEqualityFunc(typeobj, function)

   Registers a type-specific method called by :meth:`assertEqual` to check
   if two objects of exactly the same *typeobj* (not subclasses) compare
   equal.  *function* must take two positional arguments and a third msg=None
   keyword argument just as :meth:`assertEqual` does.  It must raise
   :data:`self.failureException(msg) &lt;failureException&gt;` when inequality
   between the first two parameters is detected -- possibly providing useful
   information and explaining the inequalities in details in the error
   message.

   .. versionadded:: 3.1

</pre>
</div>
<p class="testcase-methodname-runtest">The list of type-specific methods automatically used by
<a href="#id265"><span class="problematic" id="id266">:meth:`~TestCase.assertEqual`</span></a> are summarized in the following table.  Note
that it's usually not necessary to invoke these methods directly.</p>
<div class="testcase-methodname-runtest system-message" id="id265">
<p class="system-message-title">System Message: ERROR/3 (<tt class="docutils">unittest.rst</tt>, line 1253); <em><a href="#id266">backlink</a></em></p>
Unknown interpreted text role &quot;meth&quot;.</div>
<table border="1" class="testcase-methodname-runtest docutils">
<colgroup>
<col width="49%" />
<col width="35%" />
<col width="17%" />
</colgroup>
<thead valign="bottom">
<tr><th class="head">Method</th>
<th class="head">Used to compare</th>
<th class="head">New in</th>
</tr>
</thead>
<tbody valign="top">
<tr><td><p class="first"><a href="#id267"><span class="problematic" id="id268">:meth:`assertMultiLineEqual(a, b)
&lt;TestCase.assertMultiLineEqual&gt;`</span></a></p>
<div class="last system-message" id="id267">
<p class="system-message-title">System Message: ERROR/3 (<tt class="docutils">unittest.rst</tt>, line 1261); <em><a href="#id268">backlink</a></em></p>
Unknown interpreted text role &quot;meth&quot;.</div>
</td>
<td>strings</td>
<td>3.1</td>
</tr>
<tr><td><p class="first"><a href="#id269"><span class="problematic" id="id270">:meth:`assertSequenceEqual(a, b)
&lt;TestCase.assertSequenceEqual&gt;`</span></a></p>
<div class="last system-message" id="id269">
<p class="system-message-title">System Message: ERROR/3 (<tt class="docutils">unittest.rst</tt>, line 1264); <em><a href="#id270">backlink</a></em></p>
Unknown interpreted text role &quot;meth&quot;.</div>
</td>
<td>sequences</td>
<td>3.1</td>
</tr>
<tr><td><p class="first"><a href="#id271"><span class="problematic" id="id272">:meth:`assertListEqual(a, b)
&lt;TestCase.assertListEqual&gt;`</span></a></p>
<div class="last system-message" id="id271">
<p class="system-message-title">System Message: ERROR/3 (<tt class="docutils">unittest.rst</tt>, line 1267); <em><a href="#id272">backlink</a></em></p>
Unknown interpreted text role &quot;meth&quot;.</div>
</td>
<td>lists</td>
<td>3.1</td>
</tr>
<tr><td><p class="first"><a href="#id273"><span class="problematic" id="id274">:meth:`assertTupleEqual(a, b)
&lt;TestCase.assertTupleEqual&gt;`</span></a></p>
<div class="last system-message" id="id273">
<p class="system-message-title">System Message: ERROR/3 (<tt class="docutils">unittest.rst</tt>, line 1270); <em><a href="#id274">backlink</a></em></p>
Unknown interpreted text role &quot;meth&quot;.</div>
</td>
<td>tuples</td>
<td>3.1</td>
</tr>
<tr><td><p class="first"><a href="#id275"><span class="problematic" id="id276">:meth:`assertSetEqual(a, b)
&lt;TestCase.assertSetEqual&gt;`</span></a></p>
<div class="last system-message" id="id275">
<p class="system-message-title">System Message: ERROR/3 (<tt class="docutils">unittest.rst</tt>, line 1273); <em><a href="#id276">backlink</a></em></p>
Unknown interpreted text role &quot;meth&quot;.</div>
</td>
<td>sets or frozensets</td>
<td>3.1</td>
</tr>
<tr><td><p class="first"><a href="#id277"><span class="problematic" id="id278">:meth:`assertDictEqual(a, b)
&lt;TestCase.assertDictEqual&gt;`</span></a></p>
<div class="last system-message" id="id277">
<p class="system-message-title">System Message: ERROR/3 (<tt class="docutils">unittest.rst</tt>, line 1276); <em><a href="#id278">backlink</a></em></p>
Unknown interpreted text role &quot;meth&quot;.</div>
</td>
<td>dicts</td>
<td>3.1</td>
</tr>
</tbody>
</table>
<div class="testcase-methodname-runtest system-message">
<p class="system-message-title">System Message: ERROR/3 (<tt class="docutils">unittest.rst</tt>, line 1281)</p>
<p>Unknown directive type &quot;method&quot;.</p>
<pre class="literal-block">
.. method:: assertMultiLineEqual(first, second, msg=None)

   Test that the multiline string *first* is equal to the string *second*.
   When not equal a diff of the two strings highlighting the differences
   will be included in the error message. This method is used by default
   when comparing strings with :meth:`assertEqual`.

   .. versionadded:: 3.1


</pre>
</div>
<div class="testcase-methodname-runtest system-message">
<p class="system-message-title">System Message: ERROR/3 (<tt class="docutils">unittest.rst</tt>, line 1291)</p>
<p>Unknown directive type &quot;method&quot;.</p>
<pre class="literal-block">
.. method:: assertSequenceEqual(first, second, msg=None, seq_type=None)

   Tests that two sequences are equal.  If a *seq_type* is supplied, both
   *first* and *second* must be instances of *seq_type* or a failure will
   be raised.  If the sequences are different an error message is
   constructed that shows the difference between the two.

   This method is not called directly by :meth:`assertEqual`, but
   it's used to implement :meth:`assertListEqual` and
   :meth:`assertTupleEqual`.

   .. versionadded:: 3.1


</pre>
</div>
<div class="testcase-methodname-runtest system-message">
<p class="system-message-title">System Message: ERROR/3 (<tt class="docutils">unittest.rst</tt>, line 1305)</p>
<p>Unknown directive type &quot;method&quot;.</p>
<pre class="literal-block">
.. method:: assertListEqual(first, second, msg=None)
            assertTupleEqual(first, second, msg=None)

   Tests that two lists or tuples are equal.  If not, an error message is
   constructed that shows only the differences between the two.  An error
   is also raised if either of the parameters are of the wrong type.
   These methods are used by default when comparing lists or tuples with
   :meth:`assertEqual`.

   .. versionadded:: 3.1


</pre>
</div>
<div class="testcase-methodname-runtest system-message">
<p class="system-message-title">System Message: ERROR/3 (<tt class="docutils">unittest.rst</tt>, line 1317)</p>
<p>Unknown directive type &quot;method&quot;.</p>
<pre class="literal-block">
.. method:: assertSetEqual(first, second, msg=None)

   Tests that two sets are equal.  If not, an error message is constructed
   that lists the differences between the sets.  This method is used by
   default when comparing sets or frozensets with :meth:`assertEqual`.

   Fails if either of *first* or *second* does not have a :meth:`set.difference`
   method.

   .. versionadded:: 3.1


</pre>
</div>
<div class="testcase-methodname-runtest system-message">
<p class="system-message-title">System Message: ERROR/3 (<tt class="docutils">unittest.rst</tt>, line 1329)</p>
<p>Unknown directive type &quot;method&quot;.</p>
<pre class="literal-block">
.. method:: assertDictEqual(first, second, msg=None)

   Test that two dictionaries are equal.  If not, an error message is
   constructed that shows the differences in the dictionaries. This
   method will be used by default to compare dictionaries in
   calls to :meth:`assertEqual`.

   .. versionadded:: 3.1



</pre>
</div>
<p class="testcase-methodname-runtest" id="other-methods-and-attrs">Finally the <a href="#id279"><span class="problematic" id="id280">:class:`TestCase`</span></a> provides the following methods and attributes:</p>
<div class="testcase-methodname-runtest system-message" id="id279">
<p class="system-message-title">System Message: ERROR/3 (<tt class="docutils">unittest.rst</tt>, line 1342); <em><a href="#id280">backlink</a></em></p>
Unknown interpreted text role &quot;class&quot;.</div>
<div class="testcase-methodname-runtest system-message">
<p class="system-message-title">System Message: ERROR/3 (<tt class="docutils">unittest.rst</tt>, line 1345)</p>
<p>Unknown directive type &quot;method&quot;.</p>
<pre class="literal-block">
.. method:: fail(msg=None)

   Signals a test failure unconditionally, with *msg* or ``None`` for
   the error message.


</pre>
</div>
<div class="testcase-methodname-runtest system-message">
<p class="system-message-title">System Message: ERROR/3 (<tt class="docutils">unittest.rst</tt>, line 1351)</p>
<p>Unknown directive type &quot;attribute&quot;.</p>
<pre class="literal-block">
.. attribute:: failureException

   This class attribute gives the exception raised by the test method.  If a
   test framework needs to use a specialized exception, possibly to carry
   additional information, it must subclass this exception in order to &quot;play
   fair&quot; with the framework.  The initial value of this attribute is
   :exc:`AssertionError`.


</pre>
</div>
<div class="testcase-methodname-runtest system-message">
<p class="system-message-title">System Message: ERROR/3 (<tt class="docutils">unittest.rst</tt>, line 1360)</p>
<p>Unknown directive type &quot;attribute&quot;.</p>
<pre class="literal-block">
.. attribute:: longMessage

   This class attribute determines what happens when a custom failure message
   is passed as the msg argument to an assertXYY call that fails.
   ``True`` is the default value. In this case, the custom message is appended
   to the end of the standard failure message.
   When set to ``False``, the custom message replaces the standard message.

   The class setting can be overridden in individual test methods by assigning
   an instance attribute, self.longMessage, to ``True`` or ``False`` before
   calling the assert methods.

   The class setting gets reset before each test call.

   .. versionadded:: 3.1


</pre>
</div>
<div class="testcase-methodname-runtest system-message">
<p class="system-message-title">System Message: ERROR/3 (<tt class="docutils">unittest.rst</tt>, line 1377)</p>
<p>Unknown directive type &quot;attribute&quot;.</p>
<pre class="literal-block">
.. attribute:: maxDiff

   This attribute controls the maximum length of diffs output by assert
   methods that report diffs on failure. It defaults to 80*8 characters.
   Assert methods affected by this attribute are
   :meth:`assertSequenceEqual` (including all the sequence comparison
   methods that delegate to it), :meth:`assertDictEqual` and
   :meth:`assertMultiLineEqual`.

   Setting ``maxDiff`` to ``None`` means that there is no maximum length of
   diffs.

   .. versionadded:: 3.2


</pre>
</div>
<p class="testcase-methodname-runtest">Testing frameworks can use the following methods to collect information on
the test:</p>
<div class="testcase-methodname-runtest system-message">
<p class="system-message-title">System Message: ERROR/3 (<tt class="docutils">unittest.rst</tt>, line 1396)</p>
<p>Unknown directive type &quot;method&quot;.</p>
<pre class="literal-block">
.. method:: countTestCases()

   Return the number of tests represented by this test object.  For
   :class:`TestCase` instances, this will always be ``1``.


</pre>
</div>
<div class="testcase-methodname-runtest system-message">
<p class="system-message-title">System Message: ERROR/3 (<tt class="docutils">unittest.rst</tt>, line 1402)</p>
<p>Unknown directive type &quot;method&quot;.</p>
<pre class="literal-block">
.. method:: defaultTestResult()

   Return an instance of the test result class that should be used for this
   test case class (if no other result instance is provided to the
   :meth:`run` method).

   For :class:`TestCase` instances, this will always be an instance of
   :class:`TestResult`; subclasses of :class:`TestCase` should override this
   as necessary.


</pre>
</div>
<div class="testcase-methodname-runtest system-message">
<p class="system-message-title">System Message: ERROR/3 (<tt class="docutils">unittest.rst</tt>, line 1413)</p>
<p>Unknown directive type &quot;method&quot;.</p>
<pre class="literal-block">
.. method:: id()

   Return a string identifying the specific test case.  This is usually the
   full name of the test method, including the module and class name.


</pre>
</div>
<div class="testcase-methodname-runtest system-message">
<p class="system-message-title">System Message: ERROR/3 (<tt class="docutils">unittest.rst</tt>, line 1419)</p>
<p>Unknown directive type &quot;method&quot;.</p>
<pre class="literal-block">
.. method:: shortDescription()

   Returns a description of the test, or ``None`` if no description
   has been provided.  The default implementation of this method
   returns the first line of the test method's docstring, if available,
   or ``None``.

   .. versionchanged:: 3.1
      In 3.1 this was changed to add the test name to the short description
      even in the presence of a docstring.  This caused compatibility issues
      with unittest extensions and adding the test name was moved to the
      :class:`TextTestResult` in Python 3.2.


</pre>
</div>
<div class="testcase-methodname-runtest system-message">
<p class="system-message-title">System Message: ERROR/3 (<tt class="docutils">unittest.rst</tt>, line 1433)</p>
<p>Unknown directive type &quot;method&quot;.</p>
<pre class="literal-block">
.. method:: addCleanup(function, /, *args, **kwargs)

   Add a function to be called after :meth:`tearDown` to cleanup resources
   used during the test. Functions will be called in reverse order to the
   order they are added (:abbr:`LIFO (last-in, first-out)`).  They
   are called with any arguments and keyword arguments passed into
   :meth:`addCleanup` when they are added.

   If :meth:`setUp` fails, meaning that :meth:`tearDown` is not called,
   then any cleanup functions added will still be called.

   .. versionadded:: 3.1


</pre>
</div>
<div class="testcase-methodname-runtest system-message">
<p class="system-message-title">System Message: ERROR/3 (<tt class="docutils">unittest.rst</tt>, line 1447)</p>
<p>Unknown directive type &quot;method&quot;.</p>
<pre class="literal-block">
.. method:: doCleanups()

   This method is called unconditionally after :meth:`tearDown`, or
   after :meth:`setUp` if :meth:`setUp` raises an exception.

   It is responsible for calling all the cleanup functions added by
   :meth:`addCleanup`. If you need cleanup functions to be called
   *prior* to :meth:`tearDown` then you can call :meth:`doCleanups`
   yourself.

   :meth:`doCleanups` pops methods off the stack of cleanup
   functions one at a time, so it can be called at any time.

   .. versionadded:: 3.1

</pre>
</div>
<div class="testcase-methodname-runtest system-message">
<p class="system-message-title">System Message: ERROR/3 (<tt class="docutils">unittest.rst</tt>, line 1462)</p>
<p>Unknown directive type &quot;classmethod&quot;.</p>
<pre class="literal-block">
.. classmethod:: addClassCleanup(function, /, *args, **kwargs)

   Add a function to be called after :meth:`tearDownClass` to cleanup
   resources used during the test class. Functions will be called in reverse
   order to the order they are added (:abbr:`LIFO (last-in, first-out)`).
   They are called with any arguments and keyword arguments passed into
   :meth:`addClassCleanup` when they are added.

   If :meth:`setUpClass` fails, meaning that :meth:`tearDownClass` is not
   called, then any cleanup functions added will still be called.

   .. versionadded:: 3.8


</pre>
</div>
<div class="testcase-methodname-runtest system-message">
<p class="system-message-title">System Message: ERROR/3 (<tt class="docutils">unittest.rst</tt>, line 1476)</p>
<p>Unknown directive type &quot;classmethod&quot;.</p>
<pre class="literal-block">
.. classmethod:: doClassCleanups()

   This method is called unconditionally after :meth:`tearDownClass`, or
   after :meth:`setUpClass` if :meth:`setUpClass` raises an exception.

   It is responsible for calling all the cleanup functions added by
   :meth:`addClassCleanup`. If you need cleanup functions to be called
   *prior* to :meth:`tearDownClass` then you can call
   :meth:`doClassCleanups` yourself.

   :meth:`doClassCleanups` pops methods off the stack of cleanup
   functions one at a time, so it can be called at any time.

   .. versionadded:: 3.8
</pre>
</div>
<p class="isolatedasynciotestcase-methodname-runtest">This class provides an API similar to <a href="#id281"><span class="problematic" id="id282">:class:`TestCase`</span></a> and also accepts
coroutines as test functions.</p>
<div class="isolatedasynciotestcase-methodname-runtest system-message" id="id281">
<p class="system-message-title">System Message: ERROR/3 (<tt class="docutils">unittest.rst</tt>, line 1494); <em><a href="#id282">backlink</a></em></p>
Unknown interpreted text role &quot;class&quot;.</div>
<div class="isolatedasynciotestcase-methodname-runtest system-message">
<p class="system-message-title">System Message: ERROR/3 (<tt class="docutils">unittest.rst</tt>, line 1497)</p>
<p>Unknown directive type &quot;versionadded&quot;.</p>
<pre class="literal-block">
.. versionadded:: 3.8

</pre>
</div>
<div class="isolatedasynciotestcase-methodname-runtest system-message">
<p class="system-message-title">System Message: ERROR/3 (<tt class="docutils">unittest.rst</tt>, line 1499)</p>
<p>Unknown directive type &quot;coroutinemethod&quot;.</p>
<pre class="literal-block">
.. coroutinemethod:: asyncSetUp()

   Method called to prepare the test fixture. This is called after :meth:`setUp`.
   This is called immediately before calling the test method; other than
   :exc:`AssertionError` or :exc:`SkipTest`, any exception raised by this method
   will be considered an error rather than a test failure. The default implementation
   does nothing.

</pre>
</div>
<div class="isolatedasynciotestcase-methodname-runtest system-message">
<p class="system-message-title">System Message: ERROR/3 (<tt class="docutils">unittest.rst</tt>, line 1507)</p>
<p>Unknown directive type &quot;coroutinemethod&quot;.</p>
<pre class="literal-block">
.. coroutinemethod:: asyncTearDown()

   Method called immediately after the test method has been called and the
   result recorded.  This is called before :meth:`tearDown`. This is called even if
   the test method raised an exception, so the implementation in subclasses may need
   to be particularly careful about checking internal state.  Any exception, other than
   :exc:`AssertionError` or :exc:`SkipTest`, raised by this method will be
   considered an additional error rather than a test failure (thus increasing
   the total number of reported errors). This method will only be called if
   the :meth:`asyncSetUp` succeeds, regardless of the outcome of the test method.
   The default implementation does nothing.

</pre>
</div>
<div class="isolatedasynciotestcase-methodname-runtest system-message">
<p class="system-message-title">System Message: ERROR/3 (<tt class="docutils">unittest.rst</tt>, line 1519)</p>
<p>Unknown directive type &quot;method&quot;.</p>
<pre class="literal-block">
.. method:: addAsyncCleanup(function, /, *args, **kwargs)

   This method accepts a coroutine that can be used as a cleanup function.

</pre>
</div>
<div class="isolatedasynciotestcase-methodname-runtest system-message">
<p class="system-message-title">System Message: ERROR/3 (<tt class="docutils">unittest.rst</tt>, line 1523)</p>
<p>Unknown directive type &quot;method&quot;.</p>
<pre class="literal-block">
.. method:: run(result=None)

   Sets up a new event loop to run the test, collecting the result into
   the :class:`TestResult` object passed as *result*.  If *result* is
   omitted or ``None``, a temporary result object is created (by calling
   the :meth:`defaultTestResult` method) and used. The result object is
   returned to :meth:`run`'s caller. At the end of the test all the tasks
   in the event loop are cancelled.


</pre>
</div>
<p class="isolatedasynciotestcase-methodname-runtest">An example illustrating the order:</p>
<pre class="isolatedasynciotestcase-methodname-runtest literal-block">
from unittest import IsolatedAsyncioTestCase

events = []


class Test(IsolatedAsyncioTestCase):


    def setUp(self):
        events.append(&quot;setUp&quot;)

    async def asyncSetUp(self):
        self._async_connection = await AsyncConnection()
        events.append(&quot;asyncSetUp&quot;)

    async def test_response(self):
        events.append(&quot;test_response&quot;)
        response = await self._async_connection.get(&quot;https://example.com&quot;)
        self.assertEqual(response.status_code, 200)
        self.addAsyncCleanup(self.on_cleanup)

    def tearDown(self):
        events.append(&quot;tearDown&quot;)

    async def asyncTearDown(self):
        await self._async_connection.close()
        events.append(&quot;asyncTearDown&quot;)

    async def on_cleanup(self):
        events.append(&quot;cleanup&quot;)

if __name__ == &quot;__main__&quot;:
    unittest.main()
</pre>
<p class="isolatedasynciotestcase-methodname-runtest">After running the test, <tt class="docutils literal">events</tt> would contain <tt class="docutils literal">[&quot;setUp&quot;, &quot;asyncSetUp&quot;, &quot;test_response&quot;, &quot;asyncTearDown&quot;, &quot;tearDown&quot;, &quot;cleanup&quot;]</tt>.</p>
<p class="functiontestcase-testfunc setup-none teardown-none description-none">This class implements the portion of the <a href="#id283"><span class="problematic" id="id284">:class:`TestCase`</span></a> interface which
allows the test runner to drive the test, but does not provide the methods
which test code can use to check and report errors.  This is used to create
test cases using legacy test code, allowing it to be integrated into a
<a href="#id285"><span class="problematic" id="id286">:mod:`unittest`</span></a>-based test framework.</p>
<div class="functiontestcase-testfunc setup-none teardown-none description-none system-message" id="id283">
<p class="system-message-title">System Message: ERROR/3 (<tt class="docutils">unittest.rst</tt>, line 1574); <em><a href="#id284">backlink</a></em></p>
Unknown interpreted text role &quot;class&quot;.</div>
<div class="functiontestcase-testfunc setup-none teardown-none description-none system-message" id="id285">
<p class="system-message-title">System Message: ERROR/3 (<tt class="docutils">unittest.rst</tt>, line 1574); <em><a href="#id286">backlink</a></em></p>
Unknown interpreted text role &quot;mod&quot;.</div>
<div class="section" id="id287">
<span id="deprecated-aliases"></span><h3>Deprecated aliases</h3>
<p>For historical reasons, some of the <a href="#id288"><span class="problematic" id="id289">:class:`TestCase`</span></a> methods had one or more
aliases that are now deprecated.  The following table lists the correct names
along with their deprecated aliases:</p>
<div class="system-message" id="id288">
<p class="system-message-title">System Message: ERROR/3 (<tt class="docutils">unittest.rst</tt>, line 1586); <em><a href="#id289">backlink</a></em></p>
Unknown interpreted text role &quot;class&quot;.</div>
<blockquote>
<table border="1" class="docutils">
<colgroup>
<col width="40%" />
<col width="29%" />
<col width="31%" />
</colgroup>
<thead valign="bottom">
<tr><th class="head">Method Name</th>
<th class="head">Deprecated alias</th>
<th class="head">Deprecated alias</th>
</tr>
</thead>
<tbody valign="top">
<tr><td><p class="first"><a href="#id290"><span class="problematic" id="id291">:meth:`.assertEqual`</span></a></p>
<div class="last system-message" id="id290">
<p class="system-message-title">System Message: ERROR/3 (<tt class="docutils">unittest.rst</tt>, line 1594); <em><a href="#id291">backlink</a></em></p>
Unknown interpreted text role &quot;meth&quot;.</div>
</td>
<td>failUnlessEqual</td>
<td>assertEquals</td>
</tr>
<tr><td><p class="first"><a href="#id292"><span class="problematic" id="id293">:meth:`.assertNotEqual`</span></a></p>
<div class="last system-message" id="id292">
<p class="system-message-title">System Message: ERROR/3 (<tt class="docutils">unittest.rst</tt>, line 1595); <em><a href="#id293">backlink</a></em></p>
Unknown interpreted text role &quot;meth&quot;.</div>
</td>
<td>failIfEqual</td>
<td>assertNotEquals</td>
</tr>
<tr><td><p class="first"><a href="#id294"><span class="problematic" id="id295">:meth:`.assertTrue`</span></a></p>
<div class="last system-message" id="id294">
<p class="system-message-title">System Message: ERROR/3 (<tt class="docutils">unittest.rst</tt>, line 1596); <em><a href="#id295">backlink</a></em></p>
Unknown interpreted text role &quot;meth&quot;.</div>
</td>
<td>failUnless</td>
<td>assert_</td>
</tr>
<tr><td><p class="first"><a href="#id296"><span class="problematic" id="id297">:meth:`.assertFalse`</span></a></p>
<div class="last system-message" id="id296">
<p class="system-message-title">System Message: ERROR/3 (<tt class="docutils">unittest.rst</tt>, line 1597); <em><a href="#id297">backlink</a></em></p>
Unknown interpreted text role &quot;meth&quot;.</div>
</td>
<td>failIf</td>
<td>&nbsp;</td>
</tr>
<tr><td><p class="first"><a href="#id298"><span class="problematic" id="id299">:meth:`.assertRaises`</span></a></p>
<div class="last system-message" id="id298">
<p class="system-message-title">System Message: ERROR/3 (<tt class="docutils">unittest.rst</tt>, line 1598); <em><a href="#id299">backlink</a></em></p>
Unknown interpreted text role &quot;meth&quot;.</div>
</td>
<td>failUnlessRaises</td>
<td>&nbsp;</td>
</tr>
<tr><td><p class="first"><a href="#id300"><span class="problematic" id="id301">:meth:`.assertAlmostEqual`</span></a></p>
<div class="last system-message" id="id300">
<p class="system-message-title">System Message: ERROR/3 (<tt class="docutils">unittest.rst</tt>, line 1599); <em><a href="#id301">backlink</a></em></p>
Unknown interpreted text role &quot;meth&quot;.</div>
</td>
<td>failUnlessAlmostEqual</td>
<td>assertAlmostEquals</td>
</tr>
<tr><td><p class="first"><a href="#id302"><span class="problematic" id="id303">:meth:`.assertNotAlmostEqual`</span></a></p>
<div class="last system-message" id="id302">
<p class="system-message-title">System Message: ERROR/3 (<tt class="docutils">unittest.rst</tt>, line 1600); <em><a href="#id303">backlink</a></em></p>
Unknown interpreted text role &quot;meth&quot;.</div>
</td>
<td>failIfAlmostEqual</td>
<td>assertNotAlmostEquals</td>
</tr>
<tr><td><p class="first"><a href="#id304"><span class="problematic" id="id305">:meth:`.assertRegex`</span></a></p>
<div class="last system-message" id="id304">
<p class="system-message-title">System Message: ERROR/3 (<tt class="docutils">unittest.rst</tt>, line 1601); <em><a href="#id305">backlink</a></em></p>
Unknown interpreted text role &quot;meth&quot;.</div>
</td>
<td>&nbsp;</td>
<td>assertRegexpMatches</td>
</tr>
<tr><td><p class="first"><a href="#id306"><span class="problematic" id="id307">:meth:`.assertNotRegex`</span></a></p>
<div class="last system-message" id="id306">
<p class="system-message-title">System Message: ERROR/3 (<tt class="docutils">unittest.rst</tt>, line 1602); <em><a href="#id307">backlink</a></em></p>
Unknown interpreted text role &quot;meth&quot;.</div>
</td>
<td>&nbsp;</td>
<td>assertNotRegexpMatches</td>
</tr>
<tr><td><p class="first"><a href="#id308"><span class="problematic" id="id309">:meth:`.assertRaisesRegex`</span></a></p>
<div class="last system-message" id="id308">
<p class="system-message-title">System Message: ERROR/3 (<tt class="docutils">unittest.rst</tt>, line 1603); <em><a href="#id309">backlink</a></em></p>
Unknown interpreted text role &quot;meth&quot;.</div>
</td>
<td>&nbsp;</td>
<td>assertRaisesRegexp</td>
</tr>
</tbody>
</table>
<div class="system-message">
<p class="system-message-title">System Message: ERROR/3 (<tt class="docutils">unittest.rst</tt>, line 1605)</p>
<p>Unknown directive type &quot;deprecated&quot;.</p>
<pre class="literal-block">
.. deprecated:: 3.1
      The fail* aliases listed in the second column have been deprecated.
</pre>
</div>
<div class="system-message">
<p class="system-message-title">System Message: ERROR/3 (<tt class="docutils">unittest.rst</tt>, line 1607)</p>
<p>Unknown directive type &quot;deprecated&quot;.</p>
<pre class="literal-block">
.. deprecated:: 3.2
      The assert* aliases listed in the third column have been deprecated.
</pre>
</div>
<div class="system-message">
<p class="system-message-title">System Message: ERROR/3 (<tt class="docutils">unittest.rst</tt>, line 1609)</p>
<p>Unknown directive type &quot;deprecated&quot;.</p>
<pre class="literal-block">
.. deprecated:: 3.2
      ``assertRegexpMatches`` and ``assertRaisesRegexp`` have been renamed to
      :meth:`.assertRegex` and :meth:`.assertRaisesRegex`.
</pre>
</div>
<div class="system-message">
<p class="system-message-title">System Message: ERROR/3 (<tt class="docutils">unittest.rst</tt>, line 1612)</p>
<p>Unknown directive type &quot;deprecated&quot;.</p>
<pre class="literal-block">
.. deprecated:: 3.5
      The ``assertNotRegexpMatches`` name is deprecated in favor of :meth:`.assertNotRegex`.

</pre>
</div>
</blockquote>
</div>
</div>
<div class="section" id="grouping-tests">
<span id="testsuite-objects"></span><h2>Grouping tests</h2>
<p class="testsuite-tests">This class represents an aggregation of individual test cases and test suites.
The class presents the interface needed by the test runner to allow it to be run
as any other test case.  Running a <a href="#id310"><span class="problematic" id="id311">:class:`TestSuite`</span></a> instance is the same as
iterating over the suite, running each test individually.</p>
<div class="testsuite-tests system-message" id="id310">
<p class="system-message-title">System Message: ERROR/3 (<tt class="docutils">unittest.rst</tt>, line 1622); <em><a href="#id311">backlink</a></em></p>
Unknown interpreted text role &quot;class&quot;.</div>
<p class="testsuite-tests">If <em>tests</em> is given, it must be an iterable of individual test cases or other
test suites that will be used to build the suite initially. Additional methods
are provided to add test cases and suites to the collection later on.</p>
<p class="testsuite-tests"><a href="#id312"><span class="problematic" id="id313">:class:`TestSuite`</span></a> objects behave much like <a href="#id314"><span class="problematic" id="id315">:class:`TestCase`</span></a> objects, except
they do not actually implement a test.  Instead, they are used to aggregate
tests into groups of tests that should be run together. Some additional
methods are available to add tests to <a href="#id316"><span class="problematic" id="id317">:class:`TestSuite`</span></a> instances:</p>
<div class="testsuite-tests system-message" id="id312">
<p class="system-message-title">System Message: ERROR/3 (<tt class="docutils">unittest.rst</tt>, line 1631); <em><a href="#id313">backlink</a></em></p>
Unknown interpreted text role &quot;class&quot;.</div>
<div class="testsuite-tests system-message" id="id314">
<p class="system-message-title">System Message: ERROR/3 (<tt class="docutils">unittest.rst</tt>, line 1631); <em><a href="#id315">backlink</a></em></p>
Unknown interpreted text role &quot;class&quot;.</div>
<div class="testsuite-tests system-message" id="id316">
<p class="system-message-title">System Message: ERROR/3 (<tt class="docutils">unittest.rst</tt>, line 1631); <em><a href="#id317">backlink</a></em></p>
Unknown interpreted text role &quot;class&quot;.</div>
<div class="testsuite-tests system-message">
<p class="system-message-title">System Message: ERROR/3 (<tt class="docutils">unittest.rst</tt>, line 1637)</p>
<p>Unknown directive type &quot;method&quot;.</p>
<pre class="literal-block">
.. method:: TestSuite.addTest(test)

   Add a :class:`TestCase` or :class:`TestSuite` to the suite.


</pre>
</div>
<div class="testsuite-tests system-message">
<p class="system-message-title">System Message: ERROR/3 (<tt class="docutils">unittest.rst</tt>, line 1642)</p>
<p>Unknown directive type &quot;method&quot;.</p>
<pre class="literal-block">
.. method:: TestSuite.addTests(tests)

   Add all the tests from an iterable of :class:`TestCase` and :class:`TestSuite`
   instances to this test suite.

   This is equivalent to iterating over *tests*, calling :meth:`addTest` for
   each element.

</pre>
</div>
<p class="testsuite-tests"><a href="#id318"><span class="problematic" id="id319">:class:`TestSuite`</span></a> shares the following methods with <a href="#id320"><span class="problematic" id="id321">:class:`TestCase`</span></a>:</p>
<div class="testsuite-tests system-message" id="id318">
<p class="system-message-title">System Message: ERROR/3 (<tt class="docutils">unittest.rst</tt>, line 1650); <em><a href="#id319">backlink</a></em></p>
Unknown interpreted text role &quot;class&quot;.</div>
<div class="testsuite-tests system-message" id="id320">
<p class="system-message-title">System Message: ERROR/3 (<tt class="docutils">unittest.rst</tt>, line 1650); <em><a href="#id321">backlink</a></em></p>
Unknown interpreted text role &quot;class&quot;.</div>
<div class="testsuite-tests system-message">
<p class="system-message-title">System Message: ERROR/3 (<tt class="docutils">unittest.rst</tt>, line 1653)</p>
<p>Unknown directive type &quot;method&quot;.</p>
<pre class="literal-block">
.. method:: run(result)

   Run the tests associated with this suite, collecting the result into the
   test result object passed as *result*.  Note that unlike
   :meth:`TestCase.run`, :meth:`TestSuite.run` requires the result object to
   be passed in.


</pre>
</div>
<div class="testsuite-tests system-message">
<p class="system-message-title">System Message: ERROR/3 (<tt class="docutils">unittest.rst</tt>, line 1661)</p>
<p>Unknown directive type &quot;method&quot;.</p>
<pre class="literal-block">
.. method:: debug()

   Run the tests associated with this suite without collecting the
   result. This allows exceptions raised by the test to be propagated to the
   caller and can be used to support running tests under a debugger.


</pre>
</div>
<div class="testsuite-tests system-message">
<p class="system-message-title">System Message: ERROR/3 (<tt class="docutils">unittest.rst</tt>, line 1668)</p>
<p>Unknown directive type &quot;method&quot;.</p>
<pre class="literal-block">
.. method:: countTestCases()

   Return the number of tests represented by this test object, including all
   individual tests and sub-suites.


</pre>
</div>
<div class="testsuite-tests system-message">
<p class="system-message-title">System Message: ERROR/3 (<tt class="docutils">unittest.rst</tt>, line 1674)</p>
<p>Unknown directive type &quot;method&quot;.</p>
<pre class="literal-block">
.. method:: __iter__()

   Tests grouped by a :class:`TestSuite` are always accessed by iteration.
   Subclasses can lazily provide tests by overriding :meth:`__iter__`. Note
   that this method may be called several times on a single suite (for
   example when counting tests or comparing for equality) so the tests
   returned by repeated iterations before :meth:`TestSuite.run` must be the
   same for each call iteration. After :meth:`TestSuite.run`, callers should
   not rely on the tests returned by this method unless the caller uses a
   subclass that overrides :meth:`TestSuite._removeTestAtIndex` to preserve
   test references.

   .. versionchanged:: 3.2
      In earlier versions the :class:`TestSuite` accessed tests directly rather
      than through iteration, so overriding :meth:`__iter__` wasn't sufficient
      for providing tests.

   .. versionchanged:: 3.4
      In earlier versions the :class:`TestSuite` held references to each
      :class:`TestCase` after :meth:`TestSuite.run`. Subclasses can restore
      that behavior by overriding :meth:`TestSuite._removeTestAtIndex`.

</pre>
</div>
<p class="testsuite-tests">In the typical usage of a <a href="#id322"><span class="problematic" id="id323">:class:`TestSuite`</span></a> object, the <a href="#id324"><span class="problematic" id="id325">:meth:`run`</span></a> method
is invoked by a <a href="#id326"><span class="problematic" id="id327">:class:`TestRunner`</span></a> rather than by the end-user test harness.</p>
<div class="testsuite-tests system-message" id="id322">
<p class="system-message-title">System Message: ERROR/3 (<tt class="docutils">unittest.rst</tt>, line 1696); <em><a href="#id323">backlink</a></em></p>
Unknown interpreted text role &quot;class&quot;.</div>
<div class="testsuite-tests system-message" id="id324">
<p class="system-message-title">System Message: ERROR/3 (<tt class="docutils">unittest.rst</tt>, line 1696); <em><a href="#id325">backlink</a></em></p>
Unknown interpreted text role &quot;meth&quot;.</div>
<div class="testsuite-tests system-message" id="id326">
<p class="system-message-title">System Message: ERROR/3 (<tt class="docutils">unittest.rst</tt>, line 1696); <em><a href="#id327">backlink</a></em></p>
Unknown interpreted text role &quot;class&quot;.</div>
</div>
<div class="section" id="loading-and-running-tests">
<h2>Loading and running tests</h2>
<p class="testloader">The <a href="#id328"><span class="problematic" id="id329">:class:`TestLoader`</span></a> class is used to create test suites from classes and
modules.  Normally, there is no need to create an instance of this class; the
<a href="#id330"><span class="problematic" id="id331">:mod:`unittest`</span></a> module provides an instance that can be shared as
<a href="#id332"><span class="problematic" id="id333">:data:`unittest.defaultTestLoader`</span></a>.  Using a subclass or instance, however,
allows customization of some configurable properties.</p>
<div class="testloader system-message" id="id328">
<p class="system-message-title">System Message: ERROR/3 (<tt class="docutils">unittest.rst</tt>, line 1705); <em><a href="#id329">backlink</a></em></p>
Unknown interpreted text role &quot;class&quot;.</div>
<div class="testloader system-message" id="id330">
<p class="system-message-title">System Message: ERROR/3 (<tt class="docutils">unittest.rst</tt>, line 1705); <em><a href="#id331">backlink</a></em></p>
Unknown interpreted text role &quot;mod&quot;.</div>
<div class="testloader system-message" id="id332">
<p class="system-message-title">System Message: ERROR/3 (<tt class="docutils">unittest.rst</tt>, line 1705); <em><a href="#id333">backlink</a></em></p>
Unknown interpreted text role &quot;data&quot;.</div>
<p class="testloader"><a href="#id334"><span class="problematic" id="id335">:class:`TestLoader`</span></a> objects have the following attributes:</p>
<div class="testloader system-message" id="id334">
<p class="system-message-title">System Message: ERROR/3 (<tt class="docutils">unittest.rst</tt>, line 1711); <em><a href="#id335">backlink</a></em></p>
Unknown interpreted text role &quot;class&quot;.</div>
<div class="testloader system-message">
<p class="system-message-title">System Message: ERROR/3 (<tt class="docutils">unittest.rst</tt>, line 1714)</p>
<p>Unknown directive type &quot;attribute&quot;.</p>
<pre class="literal-block">
.. attribute:: errors

   A list of the non-fatal errors encountered while loading tests. Not reset
   by the loader at any point. Fatal errors are signalled by the relevant
   a method raising an exception to the caller. Non-fatal errors are also
   indicated by a synthetic test that will raise the original error when
   run.

   .. versionadded:: 3.5


</pre>
</div>
<p class="testloader"><a href="#id336"><span class="problematic" id="id337">:class:`TestLoader`</span></a> objects have the following methods:</p>
<div class="testloader system-message" id="id336">
<p class="system-message-title">System Message: ERROR/3 (<tt class="docutils">unittest.rst</tt>, line 1725); <em><a href="#id337">backlink</a></em></p>
Unknown interpreted text role &quot;class&quot;.</div>
<div class="testloader system-message">
<p class="system-message-title">System Message: ERROR/3 (<tt class="docutils">unittest.rst</tt>, line 1728)</p>
<p>Unknown directive type &quot;method&quot;.</p>
<pre class="literal-block">
.. method:: loadTestsFromTestCase(testCaseClass)

   Return a suite of all test cases contained in the :class:`TestCase`\ -derived
   :class:`testCaseClass`.

   A test case instance is created for each method named by
   :meth:`getTestCaseNames`. By default these are the method names
   beginning with ``test``. If :meth:`getTestCaseNames` returns no
   methods, but the :meth:`runTest` method is implemented, a single test
   case is created for that method instead.


</pre>
</div>
<div class="testloader system-message">
<p class="system-message-title">System Message: ERROR/3 (<tt class="docutils">unittest.rst</tt>, line 1740)</p>
<p>Unknown directive type &quot;method&quot;.</p>
<pre class="literal-block">
.. method:: loadTestsFromModule(module, pattern=None)

   Return a suite of all test cases contained in the given module. This
   method searches *module* for classes derived from :class:`TestCase` and
   creates an instance of the class for each test method defined for the
   class.

   .. note::

      While using a hierarchy of :class:`TestCase`\ -derived classes can be
      convenient in sharing fixtures and helper functions, defining test
      methods on base classes that are not intended to be instantiated
      directly does not play well with this method.  Doing so, however, can
      be useful when the fixtures are different and defined in subclasses.

   If a module provides a ``load_tests`` function it will be called to
   load the tests. This allows modules to customize test loading.
   This is the `load_tests protocol`_.  The *pattern* argument is passed as
   the third argument to ``load_tests``.

   .. versionchanged:: 3.2
      Support for ``load_tests`` added.

   .. versionchanged:: 3.5
      The undocumented and unofficial *use_load_tests* default argument is
      deprecated and ignored, although it is still accepted for backward
      compatibility.  The method also now accepts a keyword-only argument
      *pattern* which is passed to ``load_tests`` as the third argument.


</pre>
</div>
<div class="testloader system-message">
<p class="system-message-title">System Message: ERROR/3 (<tt class="docutils">unittest.rst</tt>, line 1770)</p>
<p>Unknown directive type &quot;method&quot;.</p>
<pre class="literal-block">
.. method:: loadTestsFromName(name, module=None)

   Return a suite of all test cases given a string specifier.

   The specifier *name* is a &quot;dotted name&quot; that may resolve either to a
   module, a test case class, a test method within a test case class, a
   :class:`TestSuite` instance, or a callable object which returns a
   :class:`TestCase` or :class:`TestSuite` instance.  These checks are
   applied in the order listed here; that is, a method on a possible test
   case class will be picked up as &quot;a test method within a test case class&quot;,
   rather than &quot;a callable object&quot;.

   For example, if you have a module :mod:`SampleTests` containing a
   :class:`TestCase`\ -derived class :class:`SampleTestCase` with three test
   methods (:meth:`test_one`, :meth:`test_two`, and :meth:`test_three`), the
   specifier ``'SampleTests.SampleTestCase'`` would cause this method to
   return a suite which will run all three test methods. Using the specifier
   ``'SampleTests.SampleTestCase.test_two'`` would cause it to return a test
   suite which will run only the :meth:`test_two` test method. The specifier
   can refer to modules and packages which have not been imported; they will
   be imported as a side-effect.

   The method optionally resolves *name* relative to the given *module*.

   .. versionchanged:: 3.5
      If an :exc:`ImportError` or :exc:`AttributeError` occurs while traversing
      *name* then a synthetic test that raises that error when run will be
      returned. These errors are included in the errors accumulated by
      self.errors.


</pre>
</div>
<div class="testloader system-message">
<p class="system-message-title">System Message: ERROR/3 (<tt class="docutils">unittest.rst</tt>, line 1801)</p>
<p>Unknown directive type &quot;method&quot;.</p>
<pre class="literal-block">
.. method:: loadTestsFromNames(names, module=None)

   Similar to :meth:`loadTestsFromName`, but takes a sequence of names rather
   than a single name.  The return value is a test suite which supports all
   the tests defined for each name.


</pre>
</div>
<div class="testloader system-message">
<p class="system-message-title">System Message: ERROR/3 (<tt class="docutils">unittest.rst</tt>, line 1808)</p>
<p>Unknown directive type &quot;method&quot;.</p>
<pre class="literal-block">
.. method:: getTestCaseNames(testCaseClass)

   Return a sorted sequence of method names found within *testCaseClass*;
   this should be a subclass of :class:`TestCase`.


</pre>
</div>
<div class="testloader system-message">
<p class="system-message-title">System Message: ERROR/3 (<tt class="docutils">unittest.rst</tt>, line 1814)</p>
<p>Unknown directive type &quot;method&quot;.</p>
<pre class="literal-block">
.. method:: discover(start_dir, pattern='test*.py', top_level_dir=None)

   Find all the test modules by recursing into subdirectories from the
   specified start directory, and return a TestSuite object containing them.
   Only test files that match *pattern* will be loaded. (Using shell style
   pattern matching.) Only module names that are importable (i.e. are valid
   Python identifiers) will be loaded.

   All test modules must be importable from the top level of the project. If
   the start directory is not the top level directory then the top level
   directory must be specified separately.

   If importing a module fails, for example due to a syntax error, then
   this will be recorded as a single error and discovery will continue.  If
   the import failure is due to :exc:`SkipTest` being raised, it will be
   recorded as a skip instead of an error.

   If a package (a directory containing a file named :file:`__init__.py`) is
   found, the package will be checked for a ``load_tests`` function. If this
   exists then it will be called
   ``package.load_tests(loader, tests, pattern)``. Test discovery takes care
   to ensure that a package is only checked for tests once during an
   invocation, even if the load_tests function itself calls
   ``loader.discover``.

   If ``load_tests`` exists then discovery does *not* recurse into the
   package, ``load_tests`` is responsible for loading all tests in the
   package.

   The pattern is deliberately not stored as a loader attribute so that
   packages can continue discovery themselves. *top_level_dir* is stored so
   ``load_tests`` does not need to pass this argument in to
   ``loader.discover()``.

   *start_dir* can be a dotted module name as well as a directory.

   .. versionadded:: 3.2

   .. versionchanged:: 3.4
      Modules that raise :exc:`SkipTest` on import are recorded as skips,
      not errors.

   .. versionchanged:: 3.4
      *start_dir* can be a :term:`namespace packages &lt;namespace package&gt;`.

   .. versionchanged:: 3.4
      Paths are sorted before being imported so that execution order is the
      same even if the underlying file system's ordering is not dependent
      on file name.

   .. versionchanged:: 3.5
      Found packages are now checked for ``load_tests`` regardless of
      whether their path matches *pattern*, because it is impossible for
      a package name to match the default pattern.


</pre>
</div>
<p class="testloader">The following attributes of a <a href="#id338"><span class="problematic" id="id339">:class:`TestLoader`</span></a> can be configured either by
subclassing or assignment on an instance:</p>
<div class="testloader system-message" id="id338">
<p class="system-message-title">System Message: ERROR/3 (<tt class="docutils">unittest.rst</tt>, line 1870); <em><a href="#id339">backlink</a></em></p>
Unknown interpreted text role &quot;class&quot;.</div>
<div class="testloader system-message">
<p class="system-message-title">System Message: ERROR/3 (<tt class="docutils">unittest.rst</tt>, line 1874)</p>
<p>Unknown directive type &quot;attribute&quot;.</p>
<pre class="literal-block">
.. attribute:: testMethodPrefix

   String giving the prefix of method names which will be interpreted as test
   methods.  The default value is ``'test'``.

   This affects :meth:`getTestCaseNames` and all the :meth:`loadTestsFrom\*`
   methods.


</pre>
</div>
<div class="testloader system-message">
<p class="system-message-title">System Message: ERROR/3 (<tt class="docutils">unittest.rst</tt>, line 1883)</p>
<p>Unknown directive type &quot;attribute&quot;.</p>
<pre class="literal-block">
.. attribute:: sortTestMethodsUsing

   Function to be used to compare method names when sorting them in
   :meth:`getTestCaseNames` and all the :meth:`loadTestsFrom\*` methods.


</pre>
</div>
<div class="testloader system-message">
<p class="system-message-title">System Message: ERROR/3 (<tt class="docutils">unittest.rst</tt>, line 1889)</p>
<p>Unknown directive type &quot;attribute&quot;.</p>
<pre class="literal-block">
.. attribute:: suiteClass

   Callable object that constructs a test suite from a list of tests. No
   methods on the resulting object are needed.  The default value is the
   :class:`TestSuite` class.

   This affects all the :meth:`loadTestsFrom\*` methods.

</pre>
</div>
<div class="testloader system-message">
<p class="system-message-title">System Message: ERROR/3 (<tt class="docutils">unittest.rst</tt>, line 1897)</p>
<p>Unknown directive type &quot;attribute&quot;.</p>
<pre class="literal-block">
.. attribute:: testNamePatterns

   List of Unix shell-style wildcard test name patterns that test methods
   have to match to be included in test suites (see ``-v`` option).

   If this attribute is not ``None`` (the default), all test methods to be
   included in test suites must match one of the patterns in this list.
   Note that matches are always performed using :meth:`fnmatch.fnmatchcase`,
   so unlike patterns passed to the ``-v`` option, simple substring patterns
   will have to be converted using ``*`` wildcards.

   This affects all the :meth:`loadTestsFrom\*` methods.

   .. versionadded:: 3.7
</pre>
</div>
<p class="testresult">This class is used to compile information about which tests have succeeded
and which have failed.</p>
<p class="testresult">A <a href="#id340"><span class="problematic" id="id341">:class:`TestResult`</span></a> object stores the results of a set of tests.  The
<a href="#id342"><span class="problematic" id="id343">:class:`TestCase`</span></a> and <a href="#id344"><span class="problematic" id="id345">:class:`TestSuite`</span></a> classes ensure that results are
properly recorded; test authors do not need to worry about recording the
outcome of tests.</p>
<div class="testresult system-message" id="id340">
<p class="system-message-title">System Message: ERROR/3 (<tt class="docutils">unittest.rst</tt>, line 1918); <em><a href="#id341">backlink</a></em></p>
Unknown interpreted text role &quot;class&quot;.</div>
<div class="testresult system-message" id="id342">
<p class="system-message-title">System Message: ERROR/3 (<tt class="docutils">unittest.rst</tt>, line 1918); <em><a href="#id343">backlink</a></em></p>
Unknown interpreted text role &quot;class&quot;.</div>
<div class="testresult system-message" id="id344">
<p class="system-message-title">System Message: ERROR/3 (<tt class="docutils">unittest.rst</tt>, line 1918); <em><a href="#id345">backlink</a></em></p>
Unknown interpreted text role &quot;class&quot;.</div>
<p class="testresult">Testing frameworks built on top of <a href="#id346"><span class="problematic" id="id347">:mod:`unittest`</span></a> may want access to the
<a href="#id348"><span class="problematic" id="id349">:class:`TestResult`</span></a> object generated by running a set of tests for reporting
purposes; a <a href="#id350"><span class="problematic" id="id351">:class:`TestResult`</span></a> instance is returned by the
<a href="#id352"><span class="problematic" id="id353">:meth:`TestRunner.run`</span></a> method for this purpose.</p>
<div class="testresult system-message" id="id346">
<p class="system-message-title">System Message: ERROR/3 (<tt class="docutils">unittest.rst</tt>, line 1923); <em><a href="#id347">backlink</a></em></p>
Unknown interpreted text role &quot;mod&quot;.</div>
<div class="testresult system-message" id="id348">
<p class="system-message-title">System Message: ERROR/3 (<tt class="docutils">unittest.rst</tt>, line 1923); <em><a href="#id349">backlink</a></em></p>
Unknown interpreted text role &quot;class&quot;.</div>
<div class="testresult system-message" id="id350">
<p class="system-message-title">System Message: ERROR/3 (<tt class="docutils">unittest.rst</tt>, line 1923); <em><a href="#id351">backlink</a></em></p>
Unknown interpreted text role &quot;class&quot;.</div>
<div class="testresult system-message" id="id352">
<p class="system-message-title">System Message: ERROR/3 (<tt class="docutils">unittest.rst</tt>, line 1923); <em><a href="#id353">backlink</a></em></p>
Unknown interpreted text role &quot;meth&quot;.</div>
<p class="testresult"><a href="#id354"><span class="problematic" id="id355">:class:`TestResult`</span></a> instances have the following attributes that will be of
interest when inspecting the results of running a set of tests:</p>
<div class="testresult system-message" id="id354">
<p class="system-message-title">System Message: ERROR/3 (<tt class="docutils">unittest.rst</tt>, line 1928); <em><a href="#id355">backlink</a></em></p>
Unknown interpreted text role &quot;class&quot;.</div>
<div class="testresult system-message">
<p class="system-message-title">System Message: ERROR/3 (<tt class="docutils">unittest.rst</tt>, line 1932)</p>
<p>Unknown directive type &quot;attribute&quot;.</p>
<pre class="literal-block">
.. attribute:: errors

   A list containing 2-tuples of :class:`TestCase` instances and strings
   holding formatted tracebacks. Each tuple represents a test which raised an
   unexpected exception.

</pre>
</div>
<div class="testresult system-message">
<p class="system-message-title">System Message: ERROR/3 (<tt class="docutils">unittest.rst</tt>, line 1938)</p>
<p>Unknown directive type &quot;attribute&quot;.</p>
<pre class="literal-block">
.. attribute:: failures

   A list containing 2-tuples of :class:`TestCase` instances and strings
   holding formatted tracebacks. Each tuple represents a test where a failure
   was explicitly signalled using the :meth:`TestCase.assert\*` methods.

</pre>
</div>
<div class="testresult system-message">
<p class="system-message-title">System Message: ERROR/3 (<tt class="docutils">unittest.rst</tt>, line 1944)</p>
<p>Unknown directive type &quot;attribute&quot;.</p>
<pre class="literal-block">
.. attribute:: skipped

   A list containing 2-tuples of :class:`TestCase` instances and strings
   holding the reason for skipping the test.

   .. versionadded:: 3.1

</pre>
</div>
<div class="testresult system-message">
<p class="system-message-title">System Message: ERROR/3 (<tt class="docutils">unittest.rst</tt>, line 1951)</p>
<p>Unknown directive type &quot;attribute&quot;.</p>
<pre class="literal-block">
.. attribute:: expectedFailures

   A list containing 2-tuples of :class:`TestCase` instances and strings
   holding formatted tracebacks.  Each tuple represents an expected failure
   or error of the test case.

</pre>
</div>
<div class="testresult system-message">
<p class="system-message-title">System Message: ERROR/3 (<tt class="docutils">unittest.rst</tt>, line 1957)</p>
<p>Unknown directive type &quot;attribute&quot;.</p>
<pre class="literal-block">
.. attribute:: unexpectedSuccesses

   A list containing :class:`TestCase` instances that were marked as expected
   failures, but succeeded.

</pre>
</div>
<div class="testresult system-message">
<p class="system-message-title">System Message: ERROR/3 (<tt class="docutils">unittest.rst</tt>, line 1962)</p>
<p>Unknown directive type &quot;attribute&quot;.</p>
<pre class="literal-block">
.. attribute:: shouldStop

   Set to ``True`` when the execution of tests should stop by :meth:`stop`.

</pre>
</div>
<div class="testresult system-message">
<p class="system-message-title">System Message: ERROR/3 (<tt class="docutils">unittest.rst</tt>, line 1966)</p>
<p>Unknown directive type &quot;attribute&quot;.</p>
<pre class="literal-block">
.. attribute:: testsRun

   The total number of tests run so far.

</pre>
</div>
<div class="testresult system-message">
<p class="system-message-title">System Message: ERROR/3 (<tt class="docutils">unittest.rst</tt>, line 1970)</p>
<p>Unknown directive type &quot;attribute&quot;.</p>
<pre class="literal-block">
.. attribute:: buffer

   If set to true, ``sys.stdout`` and ``sys.stderr`` will be buffered in between
   :meth:`startTest` and :meth:`stopTest` being called. Collected output will
   only be echoed onto the real ``sys.stdout`` and ``sys.stderr`` if the test
   fails or errors. Any output is also attached to the failure / error message.

   .. versionadded:: 3.2

</pre>
</div>
<div class="testresult system-message">
<p class="system-message-title">System Message: ERROR/3 (<tt class="docutils">unittest.rst</tt>, line 1979)</p>
<p>Unknown directive type &quot;attribute&quot;.</p>
<pre class="literal-block">
.. attribute:: failfast

   If set to true :meth:`stop` will be called on the first failure or error,
   halting the test run.

   .. versionadded:: 3.2

</pre>
</div>
<div class="testresult system-message">
<p class="system-message-title">System Message: ERROR/3 (<tt class="docutils">unittest.rst</tt>, line 1986)</p>
<p>Unknown directive type &quot;attribute&quot;.</p>
<pre class="literal-block">
.. attribute:: tb_locals

   If set to true then local variables will be shown in tracebacks.

   .. versionadded:: 3.5

</pre>
</div>
<div class="testresult system-message">
<p class="system-message-title">System Message: ERROR/3 (<tt class="docutils">unittest.rst</tt>, line 1992)</p>
<p>Unknown directive type &quot;method&quot;.</p>
<pre class="literal-block">
.. method:: wasSuccessful()

   Return ``True`` if all tests run so far have passed, otherwise returns
   ``False``.

   .. versionchanged:: 3.4
      Returns ``False`` if there were any :attr:`unexpectedSuccesses`
      from tests marked with the :func:`expectedFailure` decorator.

</pre>
</div>
<div class="testresult system-message">
<p class="system-message-title">System Message: ERROR/3 (<tt class="docutils">unittest.rst</tt>, line 2001)</p>
<p>Unknown directive type &quot;method&quot;.</p>
<pre class="literal-block">
.. method:: stop()

   This method can be called to signal that the set of tests being run should
   be aborted by setting the :attr:`shouldStop` attribute to ``True``.
   :class:`TestRunner` objects should respect this flag and return without
   running any additional tests.

   For example, this feature is used by the :class:`TextTestRunner` class to
   stop the test framework when the user signals an interrupt from the
   keyboard.  Interactive tools which provide :class:`TestRunner`
   implementations can use this in a similar manner.

</pre>
</div>
<p class="testresult">The following methods of the <a href="#id356"><span class="problematic" id="id357">:class:`TestResult`</span></a> class are used to maintain
the internal data structures, and may be extended in subclasses to support
additional reporting requirements.  This is particularly useful in building
tools which support interactive reporting while tests are being run.</p>
<div class="testresult system-message" id="id356">
<p class="system-message-title">System Message: ERROR/3 (<tt class="docutils">unittest.rst</tt>, line 2013); <em><a href="#id357">backlink</a></em></p>
Unknown interpreted text role &quot;class&quot;.</div>
<div class="testresult system-message">
<p class="system-message-title">System Message: ERROR/3 (<tt class="docutils">unittest.rst</tt>, line 2019)</p>
<p>Unknown directive type &quot;method&quot;.</p>
<pre class="literal-block">
.. method:: startTest(test)

   Called when the test case *test* is about to be run.

</pre>
</div>
<div class="testresult system-message">
<p class="system-message-title">System Message: ERROR/3 (<tt class="docutils">unittest.rst</tt>, line 2023)</p>
<p>Unknown directive type &quot;method&quot;.</p>
<pre class="literal-block">
.. method:: stopTest(test)

   Called after the test case *test* has been executed, regardless of the
   outcome.

</pre>
</div>
<div class="testresult system-message">
<p class="system-message-title">System Message: ERROR/3 (<tt class="docutils">unittest.rst</tt>, line 2028)</p>
<p>Unknown directive type &quot;method&quot;.</p>
<pre class="literal-block">
.. method:: startTestRun()

   Called once before any tests are executed.

   .. versionadded:: 3.1


</pre>
</div>
<div class="testresult system-message">
<p class="system-message-title">System Message: ERROR/3 (<tt class="docutils">unittest.rst</tt>, line 2035)</p>
<p>Unknown directive type &quot;method&quot;.</p>
<pre class="literal-block">
.. method:: stopTestRun()

   Called once after all tests are executed.

   .. versionadded:: 3.1


</pre>
</div>
<div class="testresult system-message">
<p class="system-message-title">System Message: ERROR/3 (<tt class="docutils">unittest.rst</tt>, line 2042)</p>
<p>Unknown directive type &quot;method&quot;.</p>
<pre class="literal-block">
.. method:: addError(test, err)

   Called when the test case *test* raises an unexpected exception. *err* is a
   tuple of the form returned by :func:`sys.exc_info`: ``(type, value,
   traceback)``.

   The default implementation appends a tuple ``(test, formatted_err)`` to
   the instance's :attr:`errors` attribute, where *formatted_err* is a
   formatted traceback derived from *err*.


</pre>
</div>
<div class="testresult system-message">
<p class="system-message-title">System Message: ERROR/3 (<tt class="docutils">unittest.rst</tt>, line 2053)</p>
<p>Unknown directive type &quot;method&quot;.</p>
<pre class="literal-block">
.. method:: addFailure(test, err)

   Called when the test case *test* signals a failure. *err* is a tuple of
   the form returned by :func:`sys.exc_info`: ``(type, value, traceback)``.

   The default implementation appends a tuple ``(test, formatted_err)`` to
   the instance's :attr:`failures` attribute, where *formatted_err* is a
   formatted traceback derived from *err*.


</pre>
</div>
<div class="testresult system-message">
<p class="system-message-title">System Message: ERROR/3 (<tt class="docutils">unittest.rst</tt>, line 2063)</p>
<p>Unknown directive type &quot;method&quot;.</p>
<pre class="literal-block">
.. method:: addSuccess(test)

   Called when the test case *test* succeeds.

   The default implementation does nothing.


</pre>
</div>
<div class="testresult system-message">
<p class="system-message-title">System Message: ERROR/3 (<tt class="docutils">unittest.rst</tt>, line 2070)</p>
<p>Unknown directive type &quot;method&quot;.</p>
<pre class="literal-block">
.. method:: addSkip(test, reason)

   Called when the test case *test* is skipped.  *reason* is the reason the
   test gave for skipping.

   The default implementation appends a tuple ``(test, reason)`` to the
   instance's :attr:`skipped` attribute.


</pre>
</div>
<div class="testresult system-message">
<p class="system-message-title">System Message: ERROR/3 (<tt class="docutils">unittest.rst</tt>, line 2079)</p>
<p>Unknown directive type &quot;method&quot;.</p>
<pre class="literal-block">
.. method:: addExpectedFailure(test, err)

   Called when the test case *test* fails or errors, but was marked with
   the :func:`expectedFailure` decorator.

   The default implementation appends a tuple ``(test, formatted_err)`` to
   the instance's :attr:`expectedFailures` attribute, where *formatted_err*
   is a formatted traceback derived from *err*.


</pre>
</div>
<div class="testresult system-message">
<p class="system-message-title">System Message: ERROR/3 (<tt class="docutils">unittest.rst</tt>, line 2089)</p>
<p>Unknown directive type &quot;method&quot;.</p>
<pre class="literal-block">
.. method:: addUnexpectedSuccess(test)

   Called when the test case *test* was marked with the
   :func:`expectedFailure` decorator, but succeeded.

   The default implementation appends the test to the instance's
   :attr:`unexpectedSuccesses` attribute.


</pre>
</div>
<div class="testresult system-message">
<p class="system-message-title">System Message: ERROR/3 (<tt class="docutils">unittest.rst</tt>, line 2098)</p>
<p>Unknown directive type &quot;method&quot;.</p>
<pre class="literal-block">
.. method:: addSubTest(test, subtest, outcome)

   Called when a subtest finishes.  *test* is the test case
   corresponding to the test method.  *subtest* is a custom
   :class:`TestCase` instance describing the subtest.

   If *outcome* is :const:`None`, the subtest succeeded.  Otherwise,
   it failed with an exception where *outcome* is a tuple of the form
   returned by :func:`sys.exc_info`: ``(type, value, traceback)``.

   The default implementation does nothing when the outcome is a
   success, and records subtest failures as normal failures.

   .. versionadded:: 3.4
</pre>
</div>
<p class="texttestresult-stream descriptions verbosity">A concrete implementation of <a href="#id358"><span class="problematic" id="id359">:class:`TestResult`</span></a> used by the
<a href="#id360"><span class="problematic" id="id361">:class:`TextTestRunner`</span></a>.</p>
<div class="texttestresult-stream descriptions verbosity system-message" id="id358">
<p class="system-message-title">System Message: ERROR/3 (<tt class="docutils">unittest.rst</tt>, line 2116); <em><a href="#id359">backlink</a></em></p>
Unknown interpreted text role &quot;class&quot;.</div>
<div class="texttestresult-stream descriptions verbosity system-message" id="id360">
<p class="system-message-title">System Message: ERROR/3 (<tt class="docutils">unittest.rst</tt>, line 2116); <em><a href="#id361">backlink</a></em></p>
Unknown interpreted text role &quot;class&quot;.</div>
<div class="texttestresult-stream descriptions verbosity system-message">
<p class="system-message-title">System Message: ERROR/3 (<tt class="docutils">unittest.rst</tt>, line 2119)</p>
<p>Unknown directive type &quot;versionadded&quot;.</p>
<pre class="literal-block">
.. versionadded:: 3.2
   This class was previously named ``_TextTestResult``. The old name still
   exists as an alias but is deprecated.
</pre>
</div>
<div class="system-message">
<p class="system-message-title">System Message: ERROR/3 (<tt class="docutils">unittest.rst</tt>, line 2124)</p>
<p>Unknown directive type &quot;data&quot;.</p>
<pre class="literal-block">
.. data:: defaultTestLoader

   Instance of the :class:`TestLoader` class intended to be shared.  If no
   customization of the :class:`TestLoader` is needed, this instance can be used
   instead of repeatedly creating new instances.


</pre>
</div>
<div class="system-message">
<p class="system-message-title">System Message: ERROR/3 (<tt class="docutils">unittest.rst</tt>, line 2131)</p>
<p>Invalid class attribute value for &quot;class&quot; directive: &quot;TextTestRunner(stream=None, descriptions=True, verbosity=1, failfast=False, \
                       buffer=False, resultclass=None, warnings=None, *, tb_locals=False)&quot;.</p>
<pre class="literal-block">
.. class:: TextTestRunner(stream=None, descriptions=True, verbosity=1, failfast=False, \
                          buffer=False, resultclass=None, warnings=None, *, tb_locals=False)

   A basic test runner implementation that outputs results to a stream. If *stream*
   is ``None``, the default, :data:`sys.stderr` is used as the output stream. This class
   has a few configurable parameters, but is essentially very simple.  Graphical
   applications which run test suites should provide alternate implementations. Such
   implementations should accept ``**kwargs`` as the interface to construct runners
   changes when features are added to unittest.

   By default this runner shows :exc:`DeprecationWarning`,
   :exc:`PendingDeprecationWarning`, :exc:`ResourceWarning` and
   :exc:`ImportWarning` even if they are :ref:`ignored by default
   &lt;warning-ignored&gt;`. Deprecation warnings caused by :ref:`deprecated unittest
   methods &lt;deprecated-aliases&gt;` are also special-cased and, when the warning
   filters are ``'default'`` or ``'always'``, they will appear only once
   per-module, in order to avoid too many warning messages.  This behavior can
   be overridden using Python's :option:`!-Wd` or :option:`!-Wa` options
   (see :ref:`Warning control &lt;using-on-warnings&gt;`) and leaving
   *warnings* to ``None``.

   .. versionchanged:: 3.2
      Added the ``warnings`` argument.

   .. versionchanged:: 3.2
      The default stream is set to :data:`sys.stderr` at instantiation time rather
      than import time.

   .. versionchanged:: 3.5
      Added the tb_locals parameter.

   .. method:: _makeResult()

      This method returns the instance of ``TestResult`` used by :meth:`run`.
      It is not intended to be called directly, but can be overridden in
      subclasses to provide a custom ``TestResult``.

      ``_makeResult()`` instantiates the class or callable passed in the
      ``TextTestRunner`` constructor as the ``resultclass`` argument. It
      defaults to :class:`TextTestResult` if no ``resultclass`` is provided.
      The result class is instantiated with the following arguments::

        stream, descriptions, verbosity

   .. method:: run(test)

      This method is the main public interface to the ``TextTestRunner``. This
      method takes a :class:`TestSuite` or :class:`TestCase` instance. A
      :class:`TestResult` is created by calling
      :func:`_makeResult` and the test(s) are run and the
      results printed to stdout.


</pre>
</div>
<div class="system-message">
<p class="system-message-title">System Message: ERROR/3 (<tt class="docutils">unittest.rst</tt>, line 2184)</p>
<p>Unknown directive type &quot;function&quot;.</p>
<pre class="literal-block">
.. function:: main(module='__main__', defaultTest=None, argv=None, testRunner=None, \
                   testLoader=unittest.defaultTestLoader, exit=True, verbosity=1, \
                   failfast=None, catchbreak=None, buffer=None, warnings=None)

   A command-line program that loads a set of tests from *module* and runs them;
   this is primarily for making test modules conveniently executable.
   The simplest use for this function is to include the following line at the
   end of a test script::

      if __name__ == '__main__':
          unittest.main()

   You can run tests with more detailed information by passing in the verbosity
   argument::

      if __name__ == '__main__':
          unittest.main(verbosity=2)

   The *defaultTest* argument is either the name of a single test or an
   iterable of test names to run if no test names are specified via *argv*.  If
   not specified or ``None`` and no test names are provided via *argv*, all
   tests found in *module* are run.

   The *argv* argument can be a list of options passed to the program, with the
   first element being the program name.  If not specified or ``None``,
   the values of :data:`sys.argv` are used.

   The *testRunner* argument can either be a test runner class or an already
   created instance of it. By default ``main`` calls :func:`sys.exit` with
   an exit code indicating success or failure of the tests run.

   The *testLoader* argument has to be a :class:`TestLoader` instance,
   and defaults to :data:`defaultTestLoader`.

   ``main`` supports being used from the interactive interpreter by passing in the
   argument ``exit=False``. This displays the result on standard output without
   calling :func:`sys.exit`::

      &gt;&gt;&gt; from unittest import main
      &gt;&gt;&gt; main(module='test_module', exit=False)

   The *failfast*, *catchbreak* and *buffer* parameters have the same
   effect as the same-name `command-line options`_.

   The *warnings* argument specifies the :ref:`warning filter &lt;warning-filter&gt;`
   that should be used while running the tests.  If it's not specified, it will
   remain ``None`` if a :option:`!-W` option is passed to :program:`python`
   (see :ref:`Warning control &lt;using-on-warnings&gt;`),
   otherwise it will be set to ``'default'``.

   Calling ``main`` actually returns an instance of the ``TestProgram`` class.
   This stores the result of the tests run as the ``result`` attribute.

   .. versionchanged:: 3.1
      The *exit* parameter was added.

   .. versionchanged:: 3.2
      The *verbosity*, *failfast*, *catchbreak*, *buffer*
      and *warnings* parameters were added.

   .. versionchanged:: 3.4
      The *defaultTest* parameter was changed to also accept an iterable of
      test names.


</pre>
</div>
<div class="section" id="load-tests-protocol">
<h3>load_tests Protocol</h3>
<div class="system-message">
<p class="system-message-title">System Message: ERROR/3 (<tt class="docutils">unittest.rst</tt>, line 2252)</p>
<p>Unknown directive type &quot;versionadded&quot;.</p>
<pre class="literal-block">
.. versionadded:: 3.2

</pre>
</div>
<p>Modules or packages can customize how tests are loaded from them during normal
test runs or test discovery by implementing a function called <tt class="docutils literal">load_tests</tt>.</p>
<p>If a test module defines <tt class="docutils literal">load_tests</tt> it will be called by
<a href="#id362"><span class="problematic" id="id363">:meth:`TestLoader.loadTestsFromModule`</span></a> with the following arguments:</p>
<div class="system-message" id="id362">
<p class="system-message-title">System Message: ERROR/3 (<tt class="docutils">unittest.rst</tt>, line 2257); <em><a href="#id363">backlink</a></em></p>
Unknown interpreted text role &quot;meth&quot;.</div>
<pre class="literal-block">
load_tests(loader, standard_tests, pattern)
</pre>
<p>where <em>pattern</em> is passed straight through from <tt class="docutils literal">loadTestsFromModule</tt>.  It
defaults to <tt class="docutils literal">None</tt>.</p>
<p>It should return a <a href="#id364"><span class="problematic" id="id365">:class:`TestSuite`</span></a>.</p>
<div class="system-message" id="id364">
<p class="system-message-title">System Message: ERROR/3 (<tt class="docutils">unittest.rst</tt>, line 2265); <em><a href="#id365">backlink</a></em></p>
Unknown interpreted text role &quot;class&quot;.</div>
<p><em>loader</em> is the instance of <a href="#id366"><span class="problematic" id="id367">:class:`TestLoader`</span></a> doing the loading.
<em>standard_tests</em> are the tests that would be loaded by default from the
module. It is common for test modules to only want to add or remove tests
from the standard set of tests.
The third argument is used when loading packages as part of test discovery.</p>
<div class="system-message" id="id366">
<p class="system-message-title">System Message: ERROR/3 (<tt class="docutils">unittest.rst</tt>, line 2267); <em><a href="#id367">backlink</a></em></p>
Unknown interpreted text role &quot;class&quot;.</div>
<p>A typical <tt class="docutils literal">load_tests</tt> function that loads tests from a specific set of
<a href="#id368"><span class="problematic" id="id369">:class:`TestCase`</span></a> classes may look like:</p>
<div class="system-message" id="id368">
<p class="system-message-title">System Message: ERROR/3 (<tt class="docutils">unittest.rst</tt>, line 2273); <em><a href="#id369">backlink</a></em></p>
Unknown interpreted text role &quot;class&quot;.</div>
<pre class="literal-block">
test_cases = (TestCase1, TestCase2, TestCase3)

def load_tests(loader, tests, pattern):
    suite = TestSuite()
    for test_class in test_cases:
        tests = loader.loadTestsFromTestCase(test_class)
        suite.addTests(tests)
    return suite
</pre>
<p>If discovery is started in a directory containing a package, either from the
command line or by calling <a href="#id370"><span class="problematic" id="id371">:meth:`TestLoader.discover`</span></a>, then the package
<a href="#id372"><span class="problematic" id="id373">:file:`__init__.py`</span></a> will be checked for <tt class="docutils literal">load_tests</tt>.  If that function does
not exist, discovery will recurse into the package as though it were just
another directory.  Otherwise, discovery of the package's tests will be left up
to <tt class="docutils literal">load_tests</tt> which is called with the following arguments:</p>
<div class="system-message" id="id370">
<p class="system-message-title">System Message: ERROR/3 (<tt class="docutils">unittest.rst</tt>, line 2285); <em><a href="#id371">backlink</a></em></p>
Unknown interpreted text role &quot;meth&quot;.</div>
<div class="system-message" id="id372">
<p class="system-message-title">System Message: ERROR/3 (<tt class="docutils">unittest.rst</tt>, line 2285); <em><a href="#id373">backlink</a></em></p>
Unknown interpreted text role &quot;file&quot;.</div>
<pre class="literal-block">
load_tests(loader, standard_tests, pattern)
</pre>
<p>This should return a <a href="#id374"><span class="problematic" id="id375">:class:`TestSuite`</span></a> representing all the tests
from the package. (<tt class="docutils literal">standard_tests</tt> will only contain tests
collected from <a href="#id376"><span class="problematic" id="id377">:file:`__init__.py`</span></a>.)</p>
<div class="system-message" id="id374">
<p class="system-message-title">System Message: ERROR/3 (<tt class="docutils">unittest.rst</tt>, line 2294); <em><a href="#id375">backlink</a></em></p>
Unknown interpreted text role &quot;class&quot;.</div>
<div class="system-message" id="id376">
<p class="system-message-title">System Message: ERROR/3 (<tt class="docutils">unittest.rst</tt>, line 2294); <em><a href="#id377">backlink</a></em></p>
Unknown interpreted text role &quot;file&quot;.</div>
<p>Because the pattern is passed into <tt class="docutils literal">load_tests</tt> the package is free to
continue (and potentially modify) test discovery. A 'do nothing'
<tt class="docutils literal">load_tests</tt> function for a test package would look like:</p>
<pre class="literal-block">
def load_tests(loader, standard_tests, pattern):
    # top level directory cached on loader instance
    this_dir = os.path.dirname(__file__)
    package_tests = loader.discover(start_dir=this_dir, pattern=pattern)
    standard_tests.addTests(package_tests)
    return standard_tests
</pre>
<div class="system-message">
<p class="system-message-title">System Message: ERROR/3 (<tt class="docutils">unittest.rst</tt>, line 2309)</p>
<p>Unknown directive type &quot;versionchanged&quot;.</p>
<pre class="literal-block">
.. versionchanged:: 3.5
   Discovery no longer checks package names for matching *pattern* due to the
   impossibility of package names matching the default pattern.



</pre>
</div>
</div>
</div>
</div>
<div class="section" id="class-and-module-fixtures">
<h1>Class and Module Fixtures</h1>
<p>Class and module level fixtures are implemented in <a href="#id378"><span class="problematic" id="id379">:class:`TestSuite`</span></a>. When
the test suite encounters a test from a new class then <a href="#id380"><span class="problematic" id="id381">:meth:`tearDownClass`</span></a>
from the previous class (if there is one) is called, followed by
<a href="#id382"><span class="problematic" id="id383">:meth:`setUpClass`</span></a> from the new class.</p>
<div class="system-message" id="id378">
<p class="system-message-title">System Message: ERROR/3 (<tt class="docutils">unittest.rst</tt>, line 2318); <em><a href="#id379">backlink</a></em></p>
Unknown interpreted text role &quot;class&quot;.</div>
<div class="system-message" id="id380">
<p class="system-message-title">System Message: ERROR/3 (<tt class="docutils">unittest.rst</tt>, line 2318); <em><a href="#id381">backlink</a></em></p>
Unknown interpreted text role &quot;meth&quot;.</div>
<div class="system-message" id="id382">
<p class="system-message-title">System Message: ERROR/3 (<tt class="docutils">unittest.rst</tt>, line 2318); <em><a href="#id383">backlink</a></em></p>
Unknown interpreted text role &quot;meth&quot;.</div>
<p>Similarly if a test is from a different module from the previous test then
<tt class="docutils literal">tearDownModule</tt> from the previous module is run, followed by
<tt class="docutils literal">setUpModule</tt> from the new module.</p>
<p>After all the tests have run the final <tt class="docutils literal">tearDownClass</tt> and
<tt class="docutils literal">tearDownModule</tt> are run.</p>
<p>Note that shared fixtures do not play well with [potential] features like test
parallelization and they break test isolation. They should be used with care.</p>
<p>The default ordering of tests created by the unittest test loaders is to group
all tests from the same modules and classes together. This will lead to
<tt class="docutils literal">setUpClass</tt> / <tt class="docutils literal">setUpModule</tt> (etc) being called exactly once per class and
module. If you randomize the order, so that tests from different modules and
classes are adjacent to each other, then these shared fixture functions may be
called multiple times in a single test run.</p>
<p>Shared fixtures are not intended to work with suites with non-standard
ordering. A <tt class="docutils literal">BaseTestSuite</tt> still exists for frameworks that don't want to
support shared fixtures.</p>
<p>If there are any exceptions raised during one of the shared fixture functions
the test is reported as an error. Because there is no corresponding test
instance an <tt class="docutils literal">_ErrorHolder</tt> object (that has the same interface as a
<a href="#id384"><span class="problematic" id="id385">:class:`TestCase`</span></a>) is created to represent the error. If you are just using
the standard unittest test runner then this detail doesn't matter, but if you
are a framework author it may be relevant.</p>
<div class="system-message" id="id384">
<p class="system-message-title">System Message: ERROR/3 (<tt class="docutils">unittest.rst</tt>, line 2344); <em><a href="#id385">backlink</a></em></p>
Unknown interpreted text role &quot;class&quot;.</div>
<div class="section" id="setupclass-and-teardownclass">
<h2>setUpClass and tearDownClass</h2>
<p>These must be implemented as class methods:</p>
<pre class="literal-block">
import unittest

class Test(unittest.TestCase):
    &#64;classmethod
    def setUpClass(cls):
        cls._connection = createExpensiveConnectionObject()

    &#64;classmethod
    def tearDownClass(cls):
        cls._connection.destroy()
</pre>
<p>If you want the <tt class="docutils literal">setUpClass</tt> and <tt class="docutils literal">tearDownClass</tt> on base classes called
then you must call up to them yourself. The implementations in
<a href="#id386"><span class="problematic" id="id387">:class:`TestCase`</span></a> are empty.</p>
<div class="system-message" id="id386">
<p class="system-message-title">System Message: ERROR/3 (<tt class="docutils">unittest.rst</tt>, line 2368); <em><a href="#id387">backlink</a></em></p>
Unknown interpreted text role &quot;class&quot;.</div>
<p>If an exception is raised during a <tt class="docutils literal">setUpClass</tt> then the tests in the class
are not run and the <tt class="docutils literal">tearDownClass</tt> is not run. Skipped classes will not
have <tt class="docutils literal">setUpClass</tt> or <tt class="docutils literal">tearDownClass</tt> run. If the exception is a
<a href="#id388"><span class="problematic" id="id389">:exc:`SkipTest`</span></a> exception then the class will be reported as having been skipped
instead of as an error.</p>
<div class="system-message" id="id388">
<p class="system-message-title">System Message: ERROR/3 (<tt class="docutils">unittest.rst</tt>, line 2372); <em><a href="#id389">backlink</a></em></p>
Unknown interpreted text role &quot;exc&quot;.</div>
</div>
<div class="section" id="setupmodule-and-teardownmodule">
<h2>setUpModule and tearDownModule</h2>
<p>These should be implemented as functions:</p>
<pre class="literal-block">
def setUpModule():
    createConnection()

def tearDownModule():
    closeConnection()
</pre>
<p>If an exception is raised in a <tt class="docutils literal">setUpModule</tt> then none of the tests in the
module will be run and the <tt class="docutils literal">tearDownModule</tt> will not be run. If the exception is a
<a href="#id390"><span class="problematic" id="id391">:exc:`SkipTest`</span></a> exception then the module will be reported as having been skipped
instead of as an error.</p>
<div class="system-message" id="id390">
<p class="system-message-title">System Message: ERROR/3 (<tt class="docutils">unittest.rst</tt>, line 2390); <em><a href="#id391">backlink</a></em></p>
Unknown interpreted text role &quot;exc&quot;.</div>
<p>To add cleanup code that must be run even in the case of an exception, use
<tt class="docutils literal">addModuleCleanup</tt>:</p>
<div class="system-message">
<p class="system-message-title">System Message: ERROR/3 (<tt class="docutils">unittest.rst</tt>, line 2399)</p>
<p>Unknown directive type &quot;function&quot;.</p>
<pre class="literal-block">
.. function:: addModuleCleanup(function, /, *args, **kwargs)

   Add a function to be called after :func:`tearDownModule` to cleanup
   resources used during the test class. Functions will be called in reverse
   order to the order they are added (:abbr:`LIFO (last-in, first-out)`).
   They are called with any arguments and keyword arguments passed into
   :meth:`addModuleCleanup` when they are added.

   If :meth:`setUpModule` fails, meaning that :func:`tearDownModule` is not
   called, then any cleanup functions added will still be called.

   .. versionadded:: 3.8


</pre>
</div>
<div class="system-message">
<p class="system-message-title">System Message: ERROR/3 (<tt class="docutils">unittest.rst</tt>, line 2413)</p>
<p>Unknown directive type &quot;function&quot;.</p>
<pre class="literal-block">
.. function:: doModuleCleanups()

   This function is called unconditionally after :func:`tearDownModule`, or
   after :func:`setUpModule` if :func:`setUpModule` raises an exception.

   It is responsible for calling all the cleanup functions added by
   :func:`addCleanupModule`. If you need cleanup functions to be called
   *prior* to :func:`tearDownModule` then you can call
   :func:`doModuleCleanups` yourself.

   :func:`doModuleCleanups` pops methods off the stack of cleanup
   functions one at a time, so it can be called at any time.

   .. versionadded:: 3.8

</pre>
</div>
</div>
</div>
<div class="section" id="signal-handling">
<h1>Signal Handling</h1>
<div class="system-message">
<p class="system-message-title">System Message: ERROR/3 (<tt class="docutils">unittest.rst</tt>, line 2431)</p>
<p>Unknown directive type &quot;versionadded&quot;.</p>
<pre class="literal-block">
.. versionadded:: 3.2

</pre>
</div>
<p>The <a href="#id392"><span class="problematic" id="id393">:option:`-c/--catch &lt;unittest -c&gt;`</span></a> command-line option to unittest,
along with the <tt class="docutils literal">catchbreak</tt> parameter to <a href="#id394"><span class="problematic" id="id395">:func:`unittest.main()`</span></a>, provide
more friendly handling of control-C during a test run. With catch break
behavior enabled control-C will allow the currently running test to complete,
and the test run will then end and report all the results so far. A second
control-c will raise a <a href="#id396"><span class="problematic" id="id397">:exc:`KeyboardInterrupt`</span></a> in the usual way.</p>
<div class="system-message" id="id392">
<p class="system-message-title">System Message: ERROR/3 (<tt class="docutils">unittest.rst</tt>, line 2433); <em><a href="#id393">backlink</a></em></p>
Unknown interpreted text role &quot;option&quot;.</div>
<div class="system-message" id="id394">
<p class="system-message-title">System Message: ERROR/3 (<tt class="docutils">unittest.rst</tt>, line 2433); <em><a href="#id395">backlink</a></em></p>
Unknown interpreted text role &quot;func&quot;.</div>
<div class="system-message" id="id396">
<p class="system-message-title">System Message: ERROR/3 (<tt class="docutils">unittest.rst</tt>, line 2433); <em><a href="#id397">backlink</a></em></p>
Unknown interpreted text role &quot;exc&quot;.</div>
<p>The control-c handling signal handler attempts to remain compatible with code or
tests that install their own <a href="#id398"><span class="problematic" id="id399">:const:`signal.SIGINT`</span></a> handler. If the <tt class="docutils literal">unittest</tt>
handler is called but <em>isn't</em> the installed <a href="#id400"><span class="problematic" id="id401">:const:`signal.SIGINT`</span></a> handler,
i.e. it has been replaced by the system under test and delegated to, then it
calls the default handler. This will normally be the expected behavior by code
that replaces an installed handler and delegates to it. For individual tests
that need <tt class="docutils literal">unittest</tt> control-c handling disabled the <a href="#id402"><span class="problematic" id="id403">:func:`removeHandler`</span></a>
decorator can be used.</p>
<div class="system-message" id="id398">
<p class="system-message-title">System Message: ERROR/3 (<tt class="docutils">unittest.rst</tt>, line 2440); <em><a href="#id399">backlink</a></em></p>
Unknown interpreted text role &quot;const&quot;.</div>
<div class="system-message" id="id400">
<p class="system-message-title">System Message: ERROR/3 (<tt class="docutils">unittest.rst</tt>, line 2440); <em><a href="#id401">backlink</a></em></p>
Unknown interpreted text role &quot;const&quot;.</div>
<div class="system-message" id="id402">
<p class="system-message-title">System Message: ERROR/3 (<tt class="docutils">unittest.rst</tt>, line 2440); <em><a href="#id403">backlink</a></em></p>
Unknown interpreted text role &quot;func&quot;.</div>
<p>There are a few utility functions for framework authors to enable control-c
handling functionality within test frameworks.</p>
<div class="system-message">
<p class="system-message-title">System Message: ERROR/3 (<tt class="docutils">unittest.rst</tt>, line 2452)</p>
<p>Unknown directive type &quot;function&quot;.</p>
<pre class="literal-block">
.. function:: installHandler()

   Install the control-c handler. When a :const:`signal.SIGINT` is received
   (usually in response to the user pressing control-c) all registered results
   have :meth:`~TestResult.stop` called.


</pre>
</div>
<div class="system-message">
<p class="system-message-title">System Message: ERROR/3 (<tt class="docutils">unittest.rst</tt>, line 2459)</p>
<p>Unknown directive type &quot;function&quot;.</p>
<pre class="literal-block">
.. function:: registerResult(result)

   Register a :class:`TestResult` object for control-c handling. Registering a
   result stores a weak reference to it, so it doesn't prevent the result from
   being garbage collected.

   Registering a :class:`TestResult` object has no side-effects if control-c
   handling is not enabled, so test frameworks can unconditionally register
   all results they create independently of whether or not handling is enabled.


</pre>
</div>
<div class="system-message">
<p class="system-message-title">System Message: ERROR/3 (<tt class="docutils">unittest.rst</tt>, line 2470)</p>
<p>Unknown directive type &quot;function&quot;.</p>
<pre class="literal-block">
.. function:: removeResult(result)

   Remove a registered result. Once a result has been removed then
   :meth:`~TestResult.stop` will no longer be called on that result object in
   response to a control-c.


</pre>
</div>
<div class="system-message">
<p class="system-message-title">System Message: ERROR/3 (<tt class="docutils">unittest.rst</tt>, line 2477)</p>
<p>Unknown directive type &quot;function&quot;.</p>
<pre class="literal-block">
.. function:: removeHandler(function=None)

   When called without arguments this function removes the control-c handler
   if it has been installed. This function can also be used as a test decorator
   to temporarily remove the handler while the test is being executed::

      &#64;unittest.removeHandler
      def test_signal_handling(self):
          ...
</pre>
</div>
</div>
</div>
</body>
</html>
